[2023-11-11 13:28:18] local.ERROR: Please provide a valid cache path. {"exception":"[object] (InvalidArgumentException(code: 0): Please provide a valid cache path. at /mnt/01D98767132C6C80/Download/JobFinder-Job-Portal-Laravel-Vue-Script-main/vendor/laravel/framework/src/Illuminate/View/Compilers/Compiler.php:66)
[stacktrace]
#0 /mnt/01D98767132C6C80/Download/JobFinder-Job-Portal-Laravel-Vue-Script-main/vendor/laravel/framework/src/Illuminate/View/ViewServiceProvider.php(96): Illuminate\\View\\Compilers\\Compiler->__construct()
#1 /mnt/01D98767132C6C80/Download/JobFinder-Job-Portal-Laravel-Vue-Script-main/vendor/laravel/framework/src/Illuminate/Container/Container.php(908): Illuminate\\View\\ViewServiceProvider->Illuminate\\View\\{closure}()
#2 /mnt/01D98767132C6C80/Download/JobFinder-Job-Portal-Laravel-Vue-Script-main/vendor/laravel/framework/src/Illuminate/Container/Container.php(795): Illuminate\\Container\\Container->build()
#3 /mnt/01D98767132C6C80/Download/JobFinder-Job-Portal-Laravel-Vue-Script-main/vendor/laravel/framework/src/Illuminate/Foundation/Application.php(933): Illuminate\\Container\\Container->resolve()
#4 /mnt/01D98767132C6C80/Download/JobFinder-Job-Portal-Laravel-Vue-Script-main/vendor/laravel/framework/src/Illuminate/Container/Container.php(731): Illuminate\\Foundation\\Application->resolve()
#5 /mnt/01D98767132C6C80/Download/JobFinder-Job-Portal-Laravel-Vue-Script-main/vendor/laravel/framework/src/Illuminate/Foundation/Application.php(918): Illuminate\\Container\\Container->make()
#6 /mnt/01D98767132C6C80/Download/JobFinder-Job-Portal-Laravel-Vue-Script-main/vendor/laravel/framework/src/Illuminate/Container/Container.php(1454): Illuminate\\Foundation\\Application->make()
#7 /mnt/01D98767132C6C80/Download/JobFinder-Job-Portal-Laravel-Vue-Script-main/vendor/laravel/framework/src/Illuminate/Support/Facades/Facade.php(236): Illuminate\\Container\\Container->offsetGet()
#8 /mnt/01D98767132C6C80/Download/JobFinder-Job-Portal-Laravel-Vue-Script-main/vendor/laravel/framework/src/Illuminate/Support/Facades/Facade.php(207): Illuminate\\Support\\Facades\\Facade::resolveFacadeInstance()
#9 /mnt/01D98767132C6C80/Download/JobFinder-Job-Portal-Laravel-Vue-Script-main/vendor/laravel/framework/src/Illuminate/Support/Facades/Facade.php(347): Illuminate\\Support\\Facades\\Facade::getFacadeRoot()
#10 /mnt/01D98767132C6C80/Download/JobFinder-Job-Portal-Laravel-Vue-Script-main/vendor/php-flasher/flasher-laravel/FlasherServiceProvider.php(254): Illuminate\\Support\\Facades\\Facade::__callStatic()
#11 /mnt/01D98767132C6C80/Download/JobFinder-Job-Portal-Laravel-Vue-Script-main/vendor/php-flasher/flasher-laravel/FlasherServiceProvider.php(58): Flasher\\Laravel\\FlasherServiceProvider->registerBladeDirective()
#12 /mnt/01D98767132C6C80/Download/JobFinder-Job-Portal-Laravel-Vue-Script-main/vendor/php-flasher/flasher-laravel/Support/ServiceProvider.php(42): Flasher\\Laravel\\FlasherServiceProvider->afterBoot()
#13 /mnt/01D98767132C6C80/Download/JobFinder-Job-Portal-Laravel-Vue-Script-main/vendor/laravel/framework/src/Illuminate/Container/BoundMethod.php(36): Flasher\\Laravel\\Support\\ServiceProvider->boot()
#14 /mnt/01D98767132C6C80/Download/JobFinder-Job-Portal-Laravel-Vue-Script-main/vendor/laravel/framework/src/Illuminate/Container/Util.php(41): Illuminate\\Container\\BoundMethod::Illuminate\\Container\\{closure}()
#15 /mnt/01D98767132C6C80/Download/JobFinder-Job-Portal-Laravel-Vue-Script-main/vendor/laravel/framework/src/Illuminate/Container/BoundMethod.php(93): Illuminate\\Container\\Util::unwrapIfClosure()
#16 /mnt/01D98767132C6C80/Download/JobFinder-Job-Portal-Laravel-Vue-Script-main/vendor/laravel/framework/src/Illuminate/Container/BoundMethod.php(35): Illuminate\\Container\\BoundMethod::callBoundMethod()
#17 /mnt/01D98767132C6C80/Download/JobFinder-Job-Portal-Laravel-Vue-Script-main/vendor/laravel/framework/src/Illuminate/Container/Container.php(662): Illuminate\\Container\\BoundMethod::call()
#18 /mnt/01D98767132C6C80/Download/JobFinder-Job-Portal-Laravel-Vue-Script-main/vendor/laravel/framework/src/Illuminate/Foundation/Application.php(1006): Illuminate\\Container\\Container->call()
#19 /mnt/01D98767132C6C80/Download/JobFinder-Job-Portal-Laravel-Vue-Script-main/vendor/laravel/framework/src/Illuminate/Foundation/Application.php(987): Illuminate\\Foundation\\Application->bootProvider()
#20 [internal function]: Illuminate\\Foundation\\Application->Illuminate\\Foundation\\{closure}()
#21 /mnt/01D98767132C6C80/Download/JobFinder-Job-Portal-Laravel-Vue-Script-main/vendor/laravel/framework/src/Illuminate/Foundation/Application.php(986): array_walk()
#22 /mnt/01D98767132C6C80/Download/JobFinder-Job-Portal-Laravel-Vue-Script-main/vendor/laravel/framework/src/Illuminate/Foundation/Bootstrap/BootProviders.php(17): Illuminate\\Foundation\\Application->boot()
#23 /mnt/01D98767132C6C80/Download/JobFinder-Job-Portal-Laravel-Vue-Script-main/vendor/laravel/framework/src/Illuminate/Foundation/Application.php(261): Illuminate\\Foundation\\Bootstrap\\BootProviders->bootstrap()
#24 /mnt/01D98767132C6C80/Download/JobFinder-Job-Portal-Laravel-Vue-Script-main/vendor/laravel/framework/src/Illuminate/Foundation/Console/Kernel.php(447): Illuminate\\Foundation\\Application->bootstrapWith()
#25 /mnt/01D98767132C6C80/Download/JobFinder-Job-Portal-Laravel-Vue-Script-main/vendor/laravel/framework/src/Illuminate/Foundation/Console/Kernel.php(199): Illuminate\\Foundation\\Console\\Kernel->bootstrap()
#26 /mnt/01D98767132C6C80/Download/JobFinder-Job-Portal-Laravel-Vue-Script-main/artisan(35): Illuminate\\Foundation\\Console\\Kernel->handle()
#27 {main}
"} 
[2023-11-11 13:29:23] local.ERROR: Please provide a valid cache path. {"exception":"[object] (InvalidArgumentException(code: 0): Please provide a valid cache path. at /mnt/01D98767132C6C80/Download/JobFinder-Job-Portal-Laravel-Vue-Script-main/vendor/laravel/framework/src/Illuminate/View/Compilers/Compiler.php:66)
[stacktrace]
#0 /mnt/01D98767132C6C80/Download/JobFinder-Job-Portal-Laravel-Vue-Script-main/vendor/laravel/framework/src/Illuminate/View/ViewServiceProvider.php(96): Illuminate\\View\\Compilers\\Compiler->__construct()
#1 /mnt/01D98767132C6C80/Download/JobFinder-Job-Portal-Laravel-Vue-Script-main/vendor/laravel/framework/src/Illuminate/Container/Container.php(908): Illuminate\\View\\ViewServiceProvider->Illuminate\\View\\{closure}()
#2 /mnt/01D98767132C6C80/Download/JobFinder-Job-Portal-Laravel-Vue-Script-main/vendor/laravel/framework/src/Illuminate/Container/Container.php(795): Illuminate\\Container\\Container->build()
#3 /mnt/01D98767132C6C80/Download/JobFinder-Job-Portal-Laravel-Vue-Script-main/vendor/laravel/framework/src/Illuminate/Foundation/Application.php(933): Illuminate\\Container\\Container->resolve()
#4 /mnt/01D98767132C6C80/Download/JobFinder-Job-Portal-Laravel-Vue-Script-main/vendor/laravel/framework/src/Illuminate/Container/Container.php(731): Illuminate\\Foundation\\Application->resolve()
#5 /mnt/01D98767132C6C80/Download/JobFinder-Job-Portal-Laravel-Vue-Script-main/vendor/laravel/framework/src/Illuminate/Foundation/Application.php(918): Illuminate\\Container\\Container->make()
#6 /mnt/01D98767132C6C80/Download/JobFinder-Job-Portal-Laravel-Vue-Script-main/vendor/laravel/framework/src/Illuminate/Container/Container.php(1454): Illuminate\\Foundation\\Application->make()
#7 /mnt/01D98767132C6C80/Download/JobFinder-Job-Portal-Laravel-Vue-Script-main/vendor/laravel/framework/src/Illuminate/Support/Facades/Facade.php(236): Illuminate\\Container\\Container->offsetGet()
#8 /mnt/01D98767132C6C80/Download/JobFinder-Job-Portal-Laravel-Vue-Script-main/vendor/laravel/framework/src/Illuminate/Support/Facades/Facade.php(207): Illuminate\\Support\\Facades\\Facade::resolveFacadeInstance()
#9 /mnt/01D98767132C6C80/Download/JobFinder-Job-Portal-Laravel-Vue-Script-main/vendor/laravel/framework/src/Illuminate/Support/Facades/Facade.php(347): Illuminate\\Support\\Facades\\Facade::getFacadeRoot()
#10 /mnt/01D98767132C6C80/Download/JobFinder-Job-Portal-Laravel-Vue-Script-main/vendor/php-flasher/flasher-laravel/FlasherServiceProvider.php(254): Illuminate\\Support\\Facades\\Facade::__callStatic()
#11 /mnt/01D98767132C6C80/Download/JobFinder-Job-Portal-Laravel-Vue-Script-main/vendor/php-flasher/flasher-laravel/FlasherServiceProvider.php(58): Flasher\\Laravel\\FlasherServiceProvider->registerBladeDirective()
#12 /mnt/01D98767132C6C80/Download/JobFinder-Job-Portal-Laravel-Vue-Script-main/vendor/php-flasher/flasher-laravel/Support/ServiceProvider.php(42): Flasher\\Laravel\\FlasherServiceProvider->afterBoot()
#13 /mnt/01D98767132C6C80/Download/JobFinder-Job-Portal-Laravel-Vue-Script-main/vendor/laravel/framework/src/Illuminate/Container/BoundMethod.php(36): Flasher\\Laravel\\Support\\ServiceProvider->boot()
#14 /mnt/01D98767132C6C80/Download/JobFinder-Job-Portal-Laravel-Vue-Script-main/vendor/laravel/framework/src/Illuminate/Container/Util.php(41): Illuminate\\Container\\BoundMethod::Illuminate\\Container\\{closure}()
#15 /mnt/01D98767132C6C80/Download/JobFinder-Job-Portal-Laravel-Vue-Script-main/vendor/laravel/framework/src/Illuminate/Container/BoundMethod.php(93): Illuminate\\Container\\Util::unwrapIfClosure()
#16 /mnt/01D98767132C6C80/Download/JobFinder-Job-Portal-Laravel-Vue-Script-main/vendor/laravel/framework/src/Illuminate/Container/BoundMethod.php(35): Illuminate\\Container\\BoundMethod::callBoundMethod()
#17 /mnt/01D98767132C6C80/Download/JobFinder-Job-Portal-Laravel-Vue-Script-main/vendor/laravel/framework/src/Illuminate/Container/Container.php(662): Illuminate\\Container\\BoundMethod::call()
#18 /mnt/01D98767132C6C80/Download/JobFinder-Job-Portal-Laravel-Vue-Script-main/vendor/laravel/framework/src/Illuminate/Foundation/Application.php(1006): Illuminate\\Container\\Container->call()
#19 /mnt/01D98767132C6C80/Download/JobFinder-Job-Portal-Laravel-Vue-Script-main/vendor/laravel/framework/src/Illuminate/Foundation/Application.php(987): Illuminate\\Foundation\\Application->bootProvider()
#20 [internal function]: Illuminate\\Foundation\\Application->Illuminate\\Foundation\\{closure}()
#21 /mnt/01D98767132C6C80/Download/JobFinder-Job-Portal-Laravel-Vue-Script-main/vendor/laravel/framework/src/Illuminate/Foundation/Application.php(986): array_walk()
#22 /mnt/01D98767132C6C80/Download/JobFinder-Job-Portal-Laravel-Vue-Script-main/vendor/laravel/framework/src/Illuminate/Foundation/Bootstrap/BootProviders.php(17): Illuminate\\Foundation\\Application->boot()
#23 /mnt/01D98767132C6C80/Download/JobFinder-Job-Portal-Laravel-Vue-Script-main/vendor/laravel/framework/src/Illuminate/Foundation/Application.php(261): Illuminate\\Foundation\\Bootstrap\\BootProviders->bootstrap()
#24 /mnt/01D98767132C6C80/Download/JobFinder-Job-Portal-Laravel-Vue-Script-main/vendor/laravel/framework/src/Illuminate/Foundation/Console/Kernel.php(447): Illuminate\\Foundation\\Application->bootstrapWith()
#25 /mnt/01D98767132C6C80/Download/JobFinder-Job-Portal-Laravel-Vue-Script-main/vendor/laravel/framework/src/Illuminate/Foundation/Console/Kernel.php(199): Illuminate\\Foundation\\Console\\Kernel->bootstrap()
#26 /mnt/01D98767132C6C80/Download/JobFinder-Job-Portal-Laravel-Vue-Script-main/artisan(35): Illuminate\\Foundation\\Console\\Kernel->handle()
#27 {main}
"} 
[2023-11-11 13:33:09] local.ERROR: No application encryption key has been specified. {"exception":"[object] (Illuminate\\Encryption\\MissingAppKeyException(code: 0): No application encryption key has been specified. at /mnt/01D98767132C6C80/Download/JobFinder-Job-Portal-Laravel-Vue-Script-main/vendor/laravel/framework/src/Illuminate/Encryption/EncryptionServiceProvider.php:79)
[stacktrace]
#0 /mnt/01D98767132C6C80/Download/JobFinder-Job-Portal-Laravel-Vue-Script-main/vendor/laravel/framework/src/Illuminate/Support/helpers.php(307): Illuminate\\Encryption\\EncryptionServiceProvider->Illuminate\\Encryption\\{closure}()
#1 /mnt/01D98767132C6C80/Download/JobFinder-Job-Portal-Laravel-Vue-Script-main/vendor/laravel/framework/src/Illuminate/Encryption/EncryptionServiceProvider.php(77): tap()
#2 /mnt/01D98767132C6C80/Download/JobFinder-Job-Portal-Laravel-Vue-Script-main/vendor/laravel/framework/src/Illuminate/Encryption/EncryptionServiceProvider.php(60): Illuminate\\Encryption\\EncryptionServiceProvider->key()
#3 /mnt/01D98767132C6C80/Download/JobFinder-Job-Portal-Laravel-Vue-Script-main/vendor/laravel/framework/src/Illuminate/Encryption/EncryptionServiceProvider.php(32): Illuminate\\Encryption\\EncryptionServiceProvider->parseKey()
#4 /mnt/01D98767132C6C80/Download/JobFinder-Job-Portal-Laravel-Vue-Script-main/vendor/laravel/framework/src/Illuminate/Container/Container.php(908): Illuminate\\Encryption\\EncryptionServiceProvider->Illuminate\\Encryption\\{closure}()
#5 /mnt/01D98767132C6C80/Download/JobFinder-Job-Portal-Laravel-Vue-Script-main/vendor/laravel/framework/src/Illuminate/Container/Container.php(795): Illuminate\\Container\\Container->build()
#6 /mnt/01D98767132C6C80/Download/JobFinder-Job-Portal-Laravel-Vue-Script-main/vendor/laravel/framework/src/Illuminate/Foundation/Application.php(955): Illuminate\\Container\\Container->resolve()
#7 /mnt/01D98767132C6C80/Download/JobFinder-Job-Portal-Laravel-Vue-Script-main/vendor/laravel/framework/src/Illuminate/Container/Container.php(731): Illuminate\\Foundation\\Application->resolve()
#8 /mnt/01D98767132C6C80/Download/JobFinder-Job-Portal-Laravel-Vue-Script-main/vendor/laravel/framework/src/Illuminate/Foundation/Application.php(940): Illuminate\\Container\\Container->make()
#9 /mnt/01D98767132C6C80/Download/JobFinder-Job-Portal-Laravel-Vue-Script-main/vendor/laravel/framework/src/Illuminate/Container/Container.php(1066): Illuminate\\Foundation\\Application->make()
#10 /mnt/01D98767132C6C80/Download/JobFinder-Job-Portal-Laravel-Vue-Script-main/vendor/laravel/framework/src/Illuminate/Container/Container.php(982): Illuminate\\Container\\Container->resolveClass()
#11 /mnt/01D98767132C6C80/Download/JobFinder-Job-Portal-Laravel-Vue-Script-main/vendor/laravel/framework/src/Illuminate/Container/Container.php(943): Illuminate\\Container\\Container->resolveDependencies()
#12 /mnt/01D98767132C6C80/Download/JobFinder-Job-Portal-Laravel-Vue-Script-main/vendor/laravel/framework/src/Illuminate/Container/Container.php(795): Illuminate\\Container\\Container->build()
#13 /mnt/01D98767132C6C80/Download/JobFinder-Job-Portal-Laravel-Vue-Script-main/vendor/laravel/framework/src/Illuminate/Foundation/Application.php(955): Illuminate\\Container\\Container->resolve()
#14 /mnt/01D98767132C6C80/Download/JobFinder-Job-Portal-Laravel-Vue-Script-main/vendor/laravel/framework/src/Illuminate/Container/Container.php(731): Illuminate\\Foundation\\Application->resolve()
#15 /mnt/01D98767132C6C80/Download/JobFinder-Job-Portal-Laravel-Vue-Script-main/vendor/laravel/framework/src/Illuminate/Foundation/Application.php(940): Illuminate\\Container\\Container->make()
#16 /mnt/01D98767132C6C80/Download/JobFinder-Job-Portal-Laravel-Vue-Script-main/vendor/laravel/framework/src/Illuminate/Pipeline/Pipeline.php(169): Illuminate\\Foundation\\Application->make()
#17 /mnt/01D98767132C6C80/Download/JobFinder-Job-Portal-Laravel-Vue-Script-main/vendor/laravel/framework/src/Illuminate/Pipeline/Pipeline.php(116): Illuminate\\Pipeline\\Pipeline->Illuminate\\Pipeline\\{closure}()
#18 /mnt/01D98767132C6C80/Download/JobFinder-Job-Portal-Laravel-Vue-Script-main/vendor/laravel/framework/src/Illuminate/Routing/Router.php(798): Illuminate\\Pipeline\\Pipeline->then()
#19 /mnt/01D98767132C6C80/Download/JobFinder-Job-Portal-Laravel-Vue-Script-main/vendor/laravel/framework/src/Illuminate/Routing/Router.php(777): Illuminate\\Routing\\Router->runRouteWithinStack()
#20 /mnt/01D98767132C6C80/Download/JobFinder-Job-Portal-Laravel-Vue-Script-main/vendor/laravel/framework/src/Illuminate/Routing/Router.php(741): Illuminate\\Routing\\Router->runRoute()
#21 /mnt/01D98767132C6C80/Download/JobFinder-Job-Portal-Laravel-Vue-Script-main/vendor/laravel/framework/src/Illuminate/Routing/Router.php(730): Illuminate\\Routing\\Router->dispatchToRoute()
#22 /mnt/01D98767132C6C80/Download/JobFinder-Job-Portal-Laravel-Vue-Script-main/vendor/laravel/framework/src/Illuminate/Foundation/Http/Kernel.php(200): Illuminate\\Routing\\Router->dispatch()
#23 /mnt/01D98767132C6C80/Download/JobFinder-Job-Portal-Laravel-Vue-Script-main/vendor/laravel/framework/src/Illuminate/Pipeline/Pipeline.php(141): Illuminate\\Foundation\\Http\\Kernel->Illuminate\\Foundation\\Http\\{closure}()
#24 /mnt/01D98767132C6C80/Download/JobFinder-Job-Portal-Laravel-Vue-Script-main/vendor/laravel/framework/src/Illuminate/Foundation/Http/Middleware/TransformsRequest.php(21): Illuminate\\Pipeline\\Pipeline->Illuminate\\Pipeline\\{closure}()
#25 /mnt/01D98767132C6C80/Download/JobFinder-Job-Portal-Laravel-Vue-Script-main/vendor/laravel/framework/src/Illuminate/Foundation/Http/Middleware/ConvertEmptyStringsToNull.php(31): Illuminate\\Foundation\\Http\\Middleware\\TransformsRequest->handle()
#26 /mnt/01D98767132C6C80/Download/JobFinder-Job-Portal-Laravel-Vue-Script-main/vendor/laravel/framework/src/Illuminate/Pipeline/Pipeline.php(180): Illuminate\\Foundation\\Http\\Middleware\\ConvertEmptyStringsToNull->handle()
#27 /mnt/01D98767132C6C80/Download/JobFinder-Job-Portal-Laravel-Vue-Script-main/vendor/laravel/framework/src/Illuminate/Foundation/Http/Middleware/TransformsRequest.php(21): Illuminate\\Pipeline\\Pipeline->Illuminate\\Pipeline\\{closure}()
#28 /mnt/01D98767132C6C80/Download/JobFinder-Job-Portal-Laravel-Vue-Script-main/vendor/laravel/framework/src/Illuminate/Foundation/Http/Middleware/TrimStrings.php(40): Illuminate\\Foundation\\Http\\Middleware\\TransformsRequest->handle()
#29 /mnt/01D98767132C6C80/Download/JobFinder-Job-Portal-Laravel-Vue-Script-main/vendor/laravel/framework/src/Illuminate/Pipeline/Pipeline.php(180): Illuminate\\Foundation\\Http\\Middleware\\TrimStrings->handle()
#30 /mnt/01D98767132C6C80/Download/JobFinder-Job-Portal-Laravel-Vue-Script-main/vendor/laravel/framework/src/Illuminate/Foundation/Http/Middleware/ValidatePostSize.php(27): Illuminate\\Pipeline\\Pipeline->Illuminate\\Pipeline\\{closure}()
#31 /mnt/01D98767132C6C80/Download/JobFinder-Job-Portal-Laravel-Vue-Script-main/vendor/laravel/framework/src/Illuminate/Pipeline/Pipeline.php(180): Illuminate\\Foundation\\Http\\Middleware\\ValidatePostSize->handle()
#32 /mnt/01D98767132C6C80/Download/JobFinder-Job-Portal-Laravel-Vue-Script-main/vendor/laravel/framework/src/Illuminate/Foundation/Http/Middleware/PreventRequestsDuringMaintenance.php(99): Illuminate\\Pipeline\\Pipeline->Illuminate\\Pipeline\\{closure}()
#33 /mnt/01D98767132C6C80/Download/JobFinder-Job-Portal-Laravel-Vue-Script-main/vendor/laravel/framework/src/Illuminate/Pipeline/Pipeline.php(180): Illuminate\\Foundation\\Http\\Middleware\\PreventRequestsDuringMaintenance->handle()
#34 /mnt/01D98767132C6C80/Download/JobFinder-Job-Portal-Laravel-Vue-Script-main/vendor/laravel/framework/src/Illuminate/Http/Middleware/HandleCors.php(49): Illuminate\\Pipeline\\Pipeline->Illuminate\\Pipeline\\{closure}()
#35 /mnt/01D98767132C6C80/Download/JobFinder-Job-Portal-Laravel-Vue-Script-main/vendor/laravel/framework/src/Illuminate/Pipeline/Pipeline.php(180): Illuminate\\Http\\Middleware\\HandleCors->handle()
#36 /mnt/01D98767132C6C80/Download/JobFinder-Job-Portal-Laravel-Vue-Script-main/vendor/laravel/framework/src/Illuminate/Http/Middleware/TrustProxies.php(39): Illuminate\\Pipeline\\Pipeline->Illuminate\\Pipeline\\{closure}()
#37 /mnt/01D98767132C6C80/Download/JobFinder-Job-Portal-Laravel-Vue-Script-main/vendor/laravel/framework/src/Illuminate/Pipeline/Pipeline.php(180): Illuminate\\Http\\Middleware\\TrustProxies->handle()
#38 /mnt/01D98767132C6C80/Download/JobFinder-Job-Portal-Laravel-Vue-Script-main/vendor/laravel/framework/src/Illuminate/Pipeline/Pipeline.php(116): Illuminate\\Pipeline\\Pipeline->Illuminate\\Pipeline\\{closure}()
#39 /mnt/01D98767132C6C80/Download/JobFinder-Job-Portal-Laravel-Vue-Script-main/vendor/laravel/framework/src/Illuminate/Foundation/Http/Kernel.php(175): Illuminate\\Pipeline\\Pipeline->then()
#40 /mnt/01D98767132C6C80/Download/JobFinder-Job-Portal-Laravel-Vue-Script-main/vendor/laravel/framework/src/Illuminate/Foundation/Http/Kernel.php(144): Illuminate\\Foundation\\Http\\Kernel->sendRequestThroughRouter()
#41 /mnt/01D98767132C6C80/Download/JobFinder-Job-Portal-Laravel-Vue-Script-main/public/index.php(51): Illuminate\\Foundation\\Http\\Kernel->handle()
#42 /mnt/01D98767132C6C80/Download/JobFinder-Job-Portal-Laravel-Vue-Script-main/vendor/laravel/framework/src/Illuminate/Foundation/resources/server.php(16): require_once('...')
#43 {main}
"} 
[2023-11-11 13:33:09] local.ERROR: No application encryption key has been specified. {"exception":"[object] (Illuminate\\Encryption\\MissingAppKeyException(code: 0): No application encryption key has been specified. at /mnt/01D98767132C6C80/Download/JobFinder-Job-Portal-Laravel-Vue-Script-main/vendor/laravel/framework/src/Illuminate/Encryption/EncryptionServiceProvider.php:79)
[stacktrace]
#0 /mnt/01D98767132C6C80/Download/JobFinder-Job-Portal-Laravel-Vue-Script-main/vendor/laravel/framework/src/Illuminate/Support/helpers.php(307): Illuminate\\Encryption\\EncryptionServiceProvider->Illuminate\\Encryption\\{closure}()
#1 /mnt/01D98767132C6C80/Download/JobFinder-Job-Portal-Laravel-Vue-Script-main/vendor/laravel/framework/src/Illuminate/Encryption/EncryptionServiceProvider.php(77): tap()
#2 /mnt/01D98767132C6C80/Download/JobFinder-Job-Portal-Laravel-Vue-Script-main/vendor/laravel/framework/src/Illuminate/Encryption/EncryptionServiceProvider.php(60): Illuminate\\Encryption\\EncryptionServiceProvider->key()
#3 /mnt/01D98767132C6C80/Download/JobFinder-Job-Portal-Laravel-Vue-Script-main/vendor/laravel/framework/src/Illuminate/Encryption/EncryptionServiceProvider.php(32): Illuminate\\Encryption\\EncryptionServiceProvider->parseKey()
#4 /mnt/01D98767132C6C80/Download/JobFinder-Job-Portal-Laravel-Vue-Script-main/vendor/laravel/framework/src/Illuminate/Container/Container.php(908): Illuminate\\Encryption\\EncryptionServiceProvider->Illuminate\\Encryption\\{closure}()
#5 /mnt/01D98767132C6C80/Download/JobFinder-Job-Portal-Laravel-Vue-Script-main/vendor/laravel/framework/src/Illuminate/Container/Container.php(795): Illuminate\\Container\\Container->build()
#6 /mnt/01D98767132C6C80/Download/JobFinder-Job-Portal-Laravel-Vue-Script-main/vendor/laravel/framework/src/Illuminate/Foundation/Application.php(955): Illuminate\\Container\\Container->resolve()
#7 /mnt/01D98767132C6C80/Download/JobFinder-Job-Portal-Laravel-Vue-Script-main/vendor/laravel/framework/src/Illuminate/Container/Container.php(731): Illuminate\\Foundation\\Application->resolve()
#8 /mnt/01D98767132C6C80/Download/JobFinder-Job-Portal-Laravel-Vue-Script-main/vendor/laravel/framework/src/Illuminate/Foundation/Application.php(940): Illuminate\\Container\\Container->make()
#9 /mnt/01D98767132C6C80/Download/JobFinder-Job-Portal-Laravel-Vue-Script-main/vendor/laravel/framework/src/Illuminate/Container/Container.php(1066): Illuminate\\Foundation\\Application->make()
#10 /mnt/01D98767132C6C80/Download/JobFinder-Job-Portal-Laravel-Vue-Script-main/vendor/laravel/framework/src/Illuminate/Container/Container.php(982): Illuminate\\Container\\Container->resolveClass()
#11 /mnt/01D98767132C6C80/Download/JobFinder-Job-Portal-Laravel-Vue-Script-main/vendor/laravel/framework/src/Illuminate/Container/Container.php(943): Illuminate\\Container\\Container->resolveDependencies()
#12 /mnt/01D98767132C6C80/Download/JobFinder-Job-Portal-Laravel-Vue-Script-main/vendor/laravel/framework/src/Illuminate/Container/Container.php(795): Illuminate\\Container\\Container->build()
#13 /mnt/01D98767132C6C80/Download/JobFinder-Job-Portal-Laravel-Vue-Script-main/vendor/laravel/framework/src/Illuminate/Foundation/Application.php(955): Illuminate\\Container\\Container->resolve()
#14 /mnt/01D98767132C6C80/Download/JobFinder-Job-Portal-Laravel-Vue-Script-main/vendor/laravel/framework/src/Illuminate/Container/Container.php(731): Illuminate\\Foundation\\Application->resolve()
#15 /mnt/01D98767132C6C80/Download/JobFinder-Job-Portal-Laravel-Vue-Script-main/vendor/laravel/framework/src/Illuminate/Foundation/Application.php(940): Illuminate\\Container\\Container->make()
#16 /mnt/01D98767132C6C80/Download/JobFinder-Job-Portal-Laravel-Vue-Script-main/vendor/laravel/framework/src/Illuminate/Foundation/Http/Kernel.php(255): Illuminate\\Foundation\\Application->make()
#17 /mnt/01D98767132C6C80/Download/JobFinder-Job-Portal-Laravel-Vue-Script-main/vendor/laravel/framework/src/Illuminate/Foundation/Http/Kernel.php(213): Illuminate\\Foundation\\Http\\Kernel->terminateMiddleware()
#18 /mnt/01D98767132C6C80/Download/JobFinder-Job-Portal-Laravel-Vue-Script-main/public/index.php(55): Illuminate\\Foundation\\Http\\Kernel->terminate()
#19 /mnt/01D98767132C6C80/Download/JobFinder-Job-Portal-Laravel-Vue-Script-main/vendor/laravel/framework/src/Illuminate/Foundation/resources/server.php(16): require_once('...')
#20 {main}
"} 
[2023-11-11 13:33:12] local.ERROR: Attempt to read property "content" on null {"view":{"view":"/mnt/01D98767132C6C80/Download/JobFinder-Job-Portal-Laravel-Vue-Script-main/resources/views/frontend/partials/testimonial.blade.php","data":[]},"exception":"[object] (Spatie\\LaravelIgnition\\Exceptions\\ViewException(code: 0): Attempt to read property \"content\" on null at /mnt/01D98767132C6C80/Download/JobFinder-Job-Portal-Laravel-Vue-Script-main/resources/views/frontend/partials/testimonial.blade.php:21)
[stacktrace]
#0 /mnt/01D98767132C6C80/Download/JobFinder-Job-Portal-Laravel-Vue-Script-main/vendor/laravel/framework/src/Illuminate/Foundation/Bootstrap/HandleExceptions.php(254): Illuminate\\Foundation\\Bootstrap\\HandleExceptions->handleError()
#1 /mnt/01D98767132C6C80/Download/JobFinder-Job-Portal-Laravel-Vue-Script-main/resources/views/frontend/partials/testimonial.blade.php(21): Illuminate\\Foundation\\Bootstrap\\HandleExceptions->Illuminate\\Foundation\\Bootstrap\\{closure}()
#2 /mnt/01D98767132C6C80/Download/JobFinder-Job-Portal-Laravel-Vue-Script-main/vendor/laravel/framework/src/Illuminate/Filesystem/Filesystem.php(124): require('...')
#3 /mnt/01D98767132C6C80/Download/JobFinder-Job-Portal-Laravel-Vue-Script-main/vendor/laravel/framework/src/Illuminate/Filesystem/Filesystem.php(125): Illuminate\\Filesystem\\Filesystem::Illuminate\\Filesystem\\{closure}()
#4 /mnt/01D98767132C6C80/Download/JobFinder-Job-Portal-Laravel-Vue-Script-main/vendor/laravel/framework/src/Illuminate/View/Engines/PhpEngine.php(58): Illuminate\\Filesystem\\Filesystem->getRequire()
#5 /mnt/01D98767132C6C80/Download/JobFinder-Job-Portal-Laravel-Vue-Script-main/vendor/laravel/framework/src/Illuminate/View/Engines/CompilerEngine.php(72): Illuminate\\View\\Engines\\PhpEngine->evaluatePath()
#6 /mnt/01D98767132C6C80/Download/JobFinder-Job-Portal-Laravel-Vue-Script-main/vendor/laravel/framework/src/Illuminate/View/View.php(207): Illuminate\\View\\Engines\\CompilerEngine->get()
#7 /mnt/01D98767132C6C80/Download/JobFinder-Job-Portal-Laravel-Vue-Script-main/vendor/laravel/framework/src/Illuminate/View/View.php(190): Illuminate\\View\\View->getContents()
#8 /mnt/01D98767132C6C80/Download/JobFinder-Job-Portal-Laravel-Vue-Script-main/vendor/laravel/framework/src/Illuminate/View/View.php(159): Illuminate\\View\\View->renderContents()
#9 /mnt/01D98767132C6C80/Download/JobFinder-Job-Portal-Laravel-Vue-Script-main/resources/views/welcome.blade.php(88): Illuminate\\View\\View->render()
#10 /mnt/01D98767132C6C80/Download/JobFinder-Job-Portal-Laravel-Vue-Script-main/vendor/laravel/framework/src/Illuminate/Filesystem/Filesystem.php(124): require('...')
#11 /mnt/01D98767132C6C80/Download/JobFinder-Job-Portal-Laravel-Vue-Script-main/vendor/laravel/framework/src/Illuminate/Filesystem/Filesystem.php(125): Illuminate\\Filesystem\\Filesystem::Illuminate\\Filesystem\\{closure}()
#12 /mnt/01D98767132C6C80/Download/JobFinder-Job-Portal-Laravel-Vue-Script-main/vendor/laravel/framework/src/Illuminate/View/Engines/PhpEngine.php(58): Illuminate\\Filesystem\\Filesystem->getRequire()
#13 /mnt/01D98767132C6C80/Download/JobFinder-Job-Portal-Laravel-Vue-Script-main/vendor/laravel/framework/src/Illuminate/View/Engines/CompilerEngine.php(72): Illuminate\\View\\Engines\\PhpEngine->evaluatePath()
#14 /mnt/01D98767132C6C80/Download/JobFinder-Job-Portal-Laravel-Vue-Script-main/vendor/laravel/framework/src/Illuminate/View/View.php(207): Illuminate\\View\\Engines\\CompilerEngine->get()
#15 /mnt/01D98767132C6C80/Download/JobFinder-Job-Portal-Laravel-Vue-Script-main/vendor/laravel/framework/src/Illuminate/View/View.php(190): Illuminate\\View\\View->getContents()
#16 /mnt/01D98767132C6C80/Download/JobFinder-Job-Portal-Laravel-Vue-Script-main/vendor/laravel/framework/src/Illuminate/View/View.php(159): Illuminate\\View\\View->renderContents()
#17 /mnt/01D98767132C6C80/Download/JobFinder-Job-Portal-Laravel-Vue-Script-main/vendor/laravel/framework/src/Illuminate/Http/Response.php(69): Illuminate\\View\\View->render()
#18 /mnt/01D98767132C6C80/Download/JobFinder-Job-Portal-Laravel-Vue-Script-main/vendor/laravel/framework/src/Illuminate/Http/Response.php(35): Illuminate\\Http\\Response->setContent()
#19 /mnt/01D98767132C6C80/Download/JobFinder-Job-Portal-Laravel-Vue-Script-main/vendor/laravel/framework/src/Illuminate/Routing/Router.php(911): Illuminate\\Http\\Response->__construct()
#20 /mnt/01D98767132C6C80/Download/JobFinder-Job-Portal-Laravel-Vue-Script-main/vendor/laravel/framework/src/Illuminate/Routing/Router.php(878): Illuminate\\Routing\\Router::toResponse()
#21 /mnt/01D98767132C6C80/Download/JobFinder-Job-Portal-Laravel-Vue-Script-main/vendor/laravel/framework/src/Illuminate/Routing/Router.php(798): Illuminate\\Routing\\Router->prepareResponse()
#22 /mnt/01D98767132C6C80/Download/JobFinder-Job-Portal-Laravel-Vue-Script-main/vendor/laravel/framework/src/Illuminate/Pipeline/Pipeline.php(141): Illuminate\\Routing\\Router->Illuminate\\Routing\\{closure}()
#23 /mnt/01D98767132C6C80/Download/JobFinder-Job-Portal-Laravel-Vue-Script-main/vendor/php-flasher/flasher-laravel/Middleware/FlasherMiddleware.php(34): Illuminate\\Pipeline\\Pipeline->Illuminate\\Pipeline\\{closure}()
#24 /mnt/01D98767132C6C80/Download/JobFinder-Job-Portal-Laravel-Vue-Script-main/vendor/laravel/framework/src/Illuminate/Pipeline/Pipeline.php(180): Flasher\\Laravel\\Middleware\\FlasherMiddleware->handle()
#25 /mnt/01D98767132C6C80/Download/JobFinder-Job-Portal-Laravel-Vue-Script-main/vendor/php-flasher/flasher-laravel/Middleware/SessionMiddleware.php(34): Illuminate\\Pipeline\\Pipeline->Illuminate\\Pipeline\\{closure}()
#26 /mnt/01D98767132C6C80/Download/JobFinder-Job-Portal-Laravel-Vue-Script-main/vendor/laravel/framework/src/Illuminate/Pipeline/Pipeline.php(180): Flasher\\Laravel\\Middleware\\SessionMiddleware->handle()
#27 /mnt/01D98767132C6C80/Download/JobFinder-Job-Portal-Laravel-Vue-Script-main/vendor/laravel/framework/src/Illuminate/Routing/Middleware/SubstituteBindings.php(50): Illuminate\\Pipeline\\Pipeline->Illuminate\\Pipeline\\{closure}()
#28 /mnt/01D98767132C6C80/Download/JobFinder-Job-Portal-Laravel-Vue-Script-main/vendor/laravel/framework/src/Illuminate/Pipeline/Pipeline.php(180): Illuminate\\Routing\\Middleware\\SubstituteBindings->handle()
#29 /mnt/01D98767132C6C80/Download/JobFinder-Job-Portal-Laravel-Vue-Script-main/vendor/laravel/framework/src/Illuminate/Foundation/Http/Middleware/VerifyCsrfToken.php(78): Illuminate\\Pipeline\\Pipeline->Illuminate\\Pipeline\\{closure}()
#30 /mnt/01D98767132C6C80/Download/JobFinder-Job-Portal-Laravel-Vue-Script-main/vendor/laravel/framework/src/Illuminate/Pipeline/Pipeline.php(180): Illuminate\\Foundation\\Http\\Middleware\\VerifyCsrfToken->handle()
#31 /mnt/01D98767132C6C80/Download/JobFinder-Job-Portal-Laravel-Vue-Script-main/vendor/laravel/framework/src/Illuminate/View/Middleware/ShareErrorsFromSession.php(49): Illuminate\\Pipeline\\Pipeline->Illuminate\\Pipeline\\{closure}()
#32 /mnt/01D98767132C6C80/Download/JobFinder-Job-Portal-Laravel-Vue-Script-main/vendor/laravel/framework/src/Illuminate/Pipeline/Pipeline.php(180): Illuminate\\View\\Middleware\\ShareErrorsFromSession->handle()
#33 /mnt/01D98767132C6C80/Download/JobFinder-Job-Portal-Laravel-Vue-Script-main/vendor/laravel/framework/src/Illuminate/Session/Middleware/StartSession.php(121): Illuminate\\Pipeline\\Pipeline->Illuminate\\Pipeline\\{closure}()
#34 /mnt/01D98767132C6C80/Download/JobFinder-Job-Portal-Laravel-Vue-Script-main/vendor/laravel/framework/src/Illuminate/Session/Middleware/StartSession.php(64): Illuminate\\Session\\Middleware\\StartSession->handleStatefulRequest()
#35 /mnt/01D98767132C6C80/Download/JobFinder-Job-Portal-Laravel-Vue-Script-main/vendor/laravel/framework/src/Illuminate/Pipeline/Pipeline.php(180): Illuminate\\Session\\Middleware\\StartSession->handle()
#36 /mnt/01D98767132C6C80/Download/JobFinder-Job-Portal-Laravel-Vue-Script-main/vendor/laravel/framework/src/Illuminate/Cookie/Middleware/AddQueuedCookiesToResponse.php(37): Illuminate\\Pipeline\\Pipeline->Illuminate\\Pipeline\\{closure}()
#37 /mnt/01D98767132C6C80/Download/JobFinder-Job-Portal-Laravel-Vue-Script-main/vendor/laravel/framework/src/Illuminate/Pipeline/Pipeline.php(180): Illuminate\\Cookie\\Middleware\\AddQueuedCookiesToResponse->handle()
#38 /mnt/01D98767132C6C80/Download/JobFinder-Job-Portal-Laravel-Vue-Script-main/vendor/laravel/framework/src/Illuminate/Cookie/Middleware/EncryptCookies.php(67): Illuminate\\Pipeline\\Pipeline->Illuminate\\Pipeline\\{closure}()
#39 /mnt/01D98767132C6C80/Download/JobFinder-Job-Portal-Laravel-Vue-Script-main/vendor/laravel/framework/src/Illuminate/Pipeline/Pipeline.php(180): Illuminate\\Cookie\\Middleware\\EncryptCookies->handle()
#40 /mnt/01D98767132C6C80/Download/JobFinder-Job-Portal-Laravel-Vue-Script-main/vendor/laravel/framework/src/Illuminate/Pipeline/Pipeline.php(116): Illuminate\\Pipeline\\Pipeline->Illuminate\\Pipeline\\{closure}()
#41 /mnt/01D98767132C6C80/Download/JobFinder-Job-Portal-Laravel-Vue-Script-main/vendor/laravel/framework/src/Illuminate/Routing/Router.php(798): Illuminate\\Pipeline\\Pipeline->then()
#42 /mnt/01D98767132C6C80/Download/JobFinder-Job-Portal-Laravel-Vue-Script-main/vendor/laravel/framework/src/Illuminate/Routing/Router.php(777): Illuminate\\Routing\\Router->runRouteWithinStack()
#43 /mnt/01D98767132C6C80/Download/JobFinder-Job-Portal-Laravel-Vue-Script-main/vendor/laravel/framework/src/Illuminate/Routing/Router.php(741): Illuminate\\Routing\\Router->runRoute()
#44 /mnt/01D98767132C6C80/Download/JobFinder-Job-Portal-Laravel-Vue-Script-main/vendor/laravel/framework/src/Illuminate/Routing/Router.php(730): Illuminate\\Routing\\Router->dispatchToRoute()
#45 /mnt/01D98767132C6C80/Download/JobFinder-Job-Portal-Laravel-Vue-Script-main/vendor/laravel/framework/src/Illuminate/Foundation/Http/Kernel.php(200): Illuminate\\Routing\\Router->dispatch()
#46 /mnt/01D98767132C6C80/Download/JobFinder-Job-Portal-Laravel-Vue-Script-main/vendor/laravel/framework/src/Illuminate/Pipeline/Pipeline.php(141): Illuminate\\Foundation\\Http\\Kernel->Illuminate\\Foundation\\Http\\{closure}()
#47 /mnt/01D98767132C6C80/Download/JobFinder-Job-Portal-Laravel-Vue-Script-main/vendor/laravel/framework/src/Illuminate/Foundation/Http/Middleware/TransformsRequest.php(21): Illuminate\\Pipeline\\Pipeline->Illuminate\\Pipeline\\{closure}()
#48 /mnt/01D98767132C6C80/Download/JobFinder-Job-Portal-Laravel-Vue-Script-main/vendor/laravel/framework/src/Illuminate/Foundation/Http/Middleware/ConvertEmptyStringsToNull.php(31): Illuminate\\Foundation\\Http\\Middleware\\TransformsRequest->handle()
#49 /mnt/01D98767132C6C80/Download/JobFinder-Job-Portal-Laravel-Vue-Script-main/vendor/laravel/framework/src/Illuminate/Pipeline/Pipeline.php(180): Illuminate\\Foundation\\Http\\Middleware\\ConvertEmptyStringsToNull->handle()
#50 /mnt/01D98767132C6C80/Download/JobFinder-Job-Portal-Laravel-Vue-Script-main/vendor/laravel/framework/src/Illuminate/Foundation/Http/Middleware/TransformsRequest.php(21): Illuminate\\Pipeline\\Pipeline->Illuminate\\Pipeline\\{closure}()
#51 /mnt/01D98767132C6C80/Download/JobFinder-Job-Portal-Laravel-Vue-Script-main/vendor/laravel/framework/src/Illuminate/Foundation/Http/Middleware/TrimStrings.php(40): Illuminate\\Foundation\\Http\\Middleware\\TransformsRequest->handle()
#52 /mnt/01D98767132C6C80/Download/JobFinder-Job-Portal-Laravel-Vue-Script-main/vendor/laravel/framework/src/Illuminate/Pipeline/Pipeline.php(180): Illuminate\\Foundation\\Http\\Middleware\\TrimStrings->handle()
#53 /mnt/01D98767132C6C80/Download/JobFinder-Job-Portal-Laravel-Vue-Script-main/vendor/laravel/framework/src/Illuminate/Foundation/Http/Middleware/ValidatePostSize.php(27): Illuminate\\Pipeline\\Pipeline->Illuminate\\Pipeline\\{closure}()
#54 /mnt/01D98767132C6C80/Download/JobFinder-Job-Portal-Laravel-Vue-Script-main/vendor/laravel/framework/src/Illuminate/Pipeline/Pipeline.php(180): Illuminate\\Foundation\\Http\\Middleware\\ValidatePostSize->handle()
#55 /mnt/01D98767132C6C80/Download/JobFinder-Job-Portal-Laravel-Vue-Script-main/vendor/laravel/framework/src/Illuminate/Foundation/Http/Middleware/PreventRequestsDuringMaintenance.php(99): Illuminate\\Pipeline\\Pipeline->Illuminate\\Pipeline\\{closure}()
#56 /mnt/01D98767132C6C80/Download/JobFinder-Job-Portal-Laravel-Vue-Script-main/vendor/laravel/framework/src/Illuminate/Pipeline/Pipeline.php(180): Illuminate\\Foundation\\Http\\Middleware\\PreventRequestsDuringMaintenance->handle()
#57 /mnt/01D98767132C6C80/Download/JobFinder-Job-Portal-Laravel-Vue-Script-main/vendor/laravel/framework/src/Illuminate/Http/Middleware/HandleCors.php(49): Illuminate\\Pipeline\\Pipeline->Illuminate\\Pipeline\\{closure}()
#58 /mnt/01D98767132C6C80/Download/JobFinder-Job-Portal-Laravel-Vue-Script-main/vendor/laravel/framework/src/Illuminate/Pipeline/Pipeline.php(180): Illuminate\\Http\\Middleware\\HandleCors->handle()
#59 /mnt/01D98767132C6C80/Download/JobFinder-Job-Portal-Laravel-Vue-Script-main/vendor/laravel/framework/src/Illuminate/Http/Middleware/TrustProxies.php(39): Illuminate\\Pipeline\\Pipeline->Illuminate\\Pipeline\\{closure}()
#60 /mnt/01D98767132C6C80/Download/JobFinder-Job-Portal-Laravel-Vue-Script-main/vendor/laravel/framework/src/Illuminate/Pipeline/Pipeline.php(180): Illuminate\\Http\\Middleware\\TrustProxies->handle()
#61 /mnt/01D98767132C6C80/Download/JobFinder-Job-Portal-Laravel-Vue-Script-main/vendor/laravel/framework/src/Illuminate/Pipeline/Pipeline.php(116): Illuminate\\Pipeline\\Pipeline->Illuminate\\Pipeline\\{closure}()
#62 /mnt/01D98767132C6C80/Download/JobFinder-Job-Portal-Laravel-Vue-Script-main/vendor/laravel/framework/src/Illuminate/Foundation/Http/Kernel.php(175): Illuminate\\Pipeline\\Pipeline->then()
#63 /mnt/01D98767132C6C80/Download/JobFinder-Job-Portal-Laravel-Vue-Script-main/vendor/laravel/framework/src/Illuminate/Foundation/Http/Kernel.php(144): Illuminate\\Foundation\\Http\\Kernel->sendRequestThroughRouter()
#64 /mnt/01D98767132C6C80/Download/JobFinder-Job-Portal-Laravel-Vue-Script-main/public/index.php(51): Illuminate\\Foundation\\Http\\Kernel->handle()
#65 /mnt/01D98767132C6C80/Download/JobFinder-Job-Portal-Laravel-Vue-Script-main/vendor/laravel/framework/src/Illuminate/Foundation/resources/server.php(16): require_once('...')
#66 {main}

[previous exception] [object] (ErrorException(code: 0): Attempt to read property \"content\" on null at /mnt/01D98767132C6C80/Download/JobFinder-Job-Portal-Laravel-Vue-Script-main/storage/framework/views/7b187cc116b56aa697c43c8453d058d3.php:21)
[stacktrace]
#0 /mnt/01D98767132C6C80/Download/JobFinder-Job-Portal-Laravel-Vue-Script-main/vendor/laravel/framework/src/Illuminate/Foundation/Bootstrap/HandleExceptions.php(254): Illuminate\\Foundation\\Bootstrap\\HandleExceptions->handleError()
#1 /mnt/01D98767132C6C80/Download/JobFinder-Job-Portal-Laravel-Vue-Script-main/storage/framework/views/7b187cc116b56aa697c43c8453d058d3.php(21): Illuminate\\Foundation\\Bootstrap\\HandleExceptions->Illuminate\\Foundation\\Bootstrap\\{closure}()
#2 /mnt/01D98767132C6C80/Download/JobFinder-Job-Portal-Laravel-Vue-Script-main/vendor/laravel/framework/src/Illuminate/Filesystem/Filesystem.php(124): require('...')
#3 /mnt/01D98767132C6C80/Download/JobFinder-Job-Portal-Laravel-Vue-Script-main/vendor/laravel/framework/src/Illuminate/Filesystem/Filesystem.php(125): Illuminate\\Filesystem\\Filesystem::Illuminate\\Filesystem\\{closure}()
#4 /mnt/01D98767132C6C80/Download/JobFinder-Job-Portal-Laravel-Vue-Script-main/vendor/laravel/framework/src/Illuminate/View/Engines/PhpEngine.php(58): Illuminate\\Filesystem\\Filesystem->getRequire()
#5 /mnt/01D98767132C6C80/Download/JobFinder-Job-Portal-Laravel-Vue-Script-main/vendor/laravel/framework/src/Illuminate/View/Engines/CompilerEngine.php(72): Illuminate\\View\\Engines\\PhpEngine->evaluatePath()
#6 /mnt/01D98767132C6C80/Download/JobFinder-Job-Portal-Laravel-Vue-Script-main/vendor/laravel/framework/src/Illuminate/View/View.php(207): Illuminate\\View\\Engines\\CompilerEngine->get()
#7 /mnt/01D98767132C6C80/Download/JobFinder-Job-Portal-Laravel-Vue-Script-main/vendor/laravel/framework/src/Illuminate/View/View.php(190): Illuminate\\View\\View->getContents()
#8 /mnt/01D98767132C6C80/Download/JobFinder-Job-Portal-Laravel-Vue-Script-main/vendor/laravel/framework/src/Illuminate/View/View.php(159): Illuminate\\View\\View->renderContents()
#9 /mnt/01D98767132C6C80/Download/JobFinder-Job-Portal-Laravel-Vue-Script-main/storage/framework/views/87dbdbc4f7e3d326174d67c6de61c0de.php(88): Illuminate\\View\\View->render()
#10 /mnt/01D98767132C6C80/Download/JobFinder-Job-Portal-Laravel-Vue-Script-main/vendor/laravel/framework/src/Illuminate/Filesystem/Filesystem.php(124): require('...')
#11 /mnt/01D98767132C6C80/Download/JobFinder-Job-Portal-Laravel-Vue-Script-main/vendor/laravel/framework/src/Illuminate/Filesystem/Filesystem.php(125): Illuminate\\Filesystem\\Filesystem::Illuminate\\Filesystem\\{closure}()
#12 /mnt/01D98767132C6C80/Download/JobFinder-Job-Portal-Laravel-Vue-Script-main/vendor/laravel/framework/src/Illuminate/View/Engines/PhpEngine.php(58): Illuminate\\Filesystem\\Filesystem->getRequire()
#13 /mnt/01D98767132C6C80/Download/JobFinder-Job-Portal-Laravel-Vue-Script-main/vendor/laravel/framework/src/Illuminate/View/Engines/CompilerEngine.php(72): Illuminate\\View\\Engines\\PhpEngine->evaluatePath()
#14 /mnt/01D98767132C6C80/Download/JobFinder-Job-Portal-Laravel-Vue-Script-main/vendor/laravel/framework/src/Illuminate/View/View.php(207): Illuminate\\View\\Engines\\CompilerEngine->get()
#15 /mnt/01D98767132C6C80/Download/JobFinder-Job-Portal-Laravel-Vue-Script-main/vendor/laravel/framework/src/Illuminate/View/View.php(190): Illuminate\\View\\View->getContents()
#16 /mnt/01D98767132C6C80/Download/JobFinder-Job-Portal-Laravel-Vue-Script-main/vendor/laravel/framework/src/Illuminate/View/View.php(159): Illuminate\\View\\View->renderContents()
#17 /mnt/01D98767132C6C80/Download/JobFinder-Job-Portal-Laravel-Vue-Script-main/vendor/laravel/framework/src/Illuminate/Http/Response.php(69): Illuminate\\View\\View->render()
#18 /mnt/01D98767132C6C80/Download/JobFinder-Job-Portal-Laravel-Vue-Script-main/vendor/laravel/framework/src/Illuminate/Http/Response.php(35): Illuminate\\Http\\Response->setContent()
#19 /mnt/01D98767132C6C80/Download/JobFinder-Job-Portal-Laravel-Vue-Script-main/vendor/laravel/framework/src/Illuminate/Routing/Router.php(911): Illuminate\\Http\\Response->__construct()
#20 /mnt/01D98767132C6C80/Download/JobFinder-Job-Portal-Laravel-Vue-Script-main/vendor/laravel/framework/src/Illuminate/Routing/Router.php(878): Illuminate\\Routing\\Router::toResponse()
#21 /mnt/01D98767132C6C80/Download/JobFinder-Job-Portal-Laravel-Vue-Script-main/vendor/laravel/framework/src/Illuminate/Routing/Router.php(798): Illuminate\\Routing\\Router->prepareResponse()
#22 /mnt/01D98767132C6C80/Download/JobFinder-Job-Portal-Laravel-Vue-Script-main/vendor/laravel/framework/src/Illuminate/Pipeline/Pipeline.php(141): Illuminate\\Routing\\Router->Illuminate\\Routing\\{closure}()
#23 /mnt/01D98767132C6C80/Download/JobFinder-Job-Portal-Laravel-Vue-Script-main/vendor/php-flasher/flasher-laravel/Middleware/FlasherMiddleware.php(34): Illuminate\\Pipeline\\Pipeline->Illuminate\\Pipeline\\{closure}()
#24 /mnt/01D98767132C6C80/Download/JobFinder-Job-Portal-Laravel-Vue-Script-main/vendor/laravel/framework/src/Illuminate/Pipeline/Pipeline.php(180): Flasher\\Laravel\\Middleware\\FlasherMiddleware->handle()
#25 /mnt/01D98767132C6C80/Download/JobFinder-Job-Portal-Laravel-Vue-Script-main/vendor/php-flasher/flasher-laravel/Middleware/SessionMiddleware.php(34): Illuminate\\Pipeline\\Pipeline->Illuminate\\Pipeline\\{closure}()
#26 /mnt/01D98767132C6C80/Download/JobFinder-Job-Portal-Laravel-Vue-Script-main/vendor/laravel/framework/src/Illuminate/Pipeline/Pipeline.php(180): Flasher\\Laravel\\Middleware\\SessionMiddleware->handle()
#27 /mnt/01D98767132C6C80/Download/JobFinder-Job-Portal-Laravel-Vue-Script-main/vendor/laravel/framework/src/Illuminate/Routing/Middleware/SubstituteBindings.php(50): Illuminate\\Pipeline\\Pipeline->Illuminate\\Pipeline\\{closure}()
#28 /mnt/01D98767132C6C80/Download/JobFinder-Job-Portal-Laravel-Vue-Script-main/vendor/laravel/framework/src/Illuminate/Pipeline/Pipeline.php(180): Illuminate\\Routing\\Middleware\\SubstituteBindings->handle()
#29 /mnt/01D98767132C6C80/Download/JobFinder-Job-Portal-Laravel-Vue-Script-main/vendor/laravel/framework/src/Illuminate/Foundation/Http/Middleware/VerifyCsrfToken.php(78): Illuminate\\Pipeline\\Pipeline->Illuminate\\Pipeline\\{closure}()
#30 /mnt/01D98767132C6C80/Download/JobFinder-Job-Portal-Laravel-Vue-Script-main/vendor/laravel/framework/src/Illuminate/Pipeline/Pipeline.php(180): Illuminate\\Foundation\\Http\\Middleware\\VerifyCsrfToken->handle()
#31 /mnt/01D98767132C6C80/Download/JobFinder-Job-Portal-Laravel-Vue-Script-main/vendor/laravel/framework/src/Illuminate/View/Middleware/ShareErrorsFromSession.php(49): Illuminate\\Pipeline\\Pipeline->Illuminate\\Pipeline\\{closure}()
#32 /mnt/01D98767132C6C80/Download/JobFinder-Job-Portal-Laravel-Vue-Script-main/vendor/laravel/framework/src/Illuminate/Pipeline/Pipeline.php(180): Illuminate\\View\\Middleware\\ShareErrorsFromSession->handle()
#33 /mnt/01D98767132C6C80/Download/JobFinder-Job-Portal-Laravel-Vue-Script-main/vendor/laravel/framework/src/Illuminate/Session/Middleware/StartSession.php(121): Illuminate\\Pipeline\\Pipeline->Illuminate\\Pipeline\\{closure}()
#34 /mnt/01D98767132C6C80/Download/JobFinder-Job-Portal-Laravel-Vue-Script-main/vendor/laravel/framework/src/Illuminate/Session/Middleware/StartSession.php(64): Illuminate\\Session\\Middleware\\StartSession->handleStatefulRequest()
#35 /mnt/01D98767132C6C80/Download/JobFinder-Job-Portal-Laravel-Vue-Script-main/vendor/laravel/framework/src/Illuminate/Pipeline/Pipeline.php(180): Illuminate\\Session\\Middleware\\StartSession->handle()
#36 /mnt/01D98767132C6C80/Download/JobFinder-Job-Portal-Laravel-Vue-Script-main/vendor/laravel/framework/src/Illuminate/Cookie/Middleware/AddQueuedCookiesToResponse.php(37): Illuminate\\Pipeline\\Pipeline->Illuminate\\Pipeline\\{closure}()
#37 /mnt/01D98767132C6C80/Download/JobFinder-Job-Portal-Laravel-Vue-Script-main/vendor/laravel/framework/src/Illuminate/Pipeline/Pipeline.php(180): Illuminate\\Cookie\\Middleware\\AddQueuedCookiesToResponse->handle()
#38 /mnt/01D98767132C6C80/Download/JobFinder-Job-Portal-Laravel-Vue-Script-main/vendor/laravel/framework/src/Illuminate/Cookie/Middleware/EncryptCookies.php(67): Illuminate\\Pipeline\\Pipeline->Illuminate\\Pipeline\\{closure}()
#39 /mnt/01D98767132C6C80/Download/JobFinder-Job-Portal-Laravel-Vue-Script-main/vendor/laravel/framework/src/Illuminate/Pipeline/Pipeline.php(180): Illuminate\\Cookie\\Middleware\\EncryptCookies->handle()
#40 /mnt/01D98767132C6C80/Download/JobFinder-Job-Portal-Laravel-Vue-Script-main/vendor/laravel/framework/src/Illuminate/Pipeline/Pipeline.php(116): Illuminate\\Pipeline\\Pipeline->Illuminate\\Pipeline\\{closure}()
#41 /mnt/01D98767132C6C80/Download/JobFinder-Job-Portal-Laravel-Vue-Script-main/vendor/laravel/framework/src/Illuminate/Routing/Router.php(798): Illuminate\\Pipeline\\Pipeline->then()
#42 /mnt/01D98767132C6C80/Download/JobFinder-Job-Portal-Laravel-Vue-Script-main/vendor/laravel/framework/src/Illuminate/Routing/Router.php(777): Illuminate\\Routing\\Router->runRouteWithinStack()
#43 /mnt/01D98767132C6C80/Download/JobFinder-Job-Portal-Laravel-Vue-Script-main/vendor/laravel/framework/src/Illuminate/Routing/Router.php(741): Illuminate\\Routing\\Router->runRoute()
#44 /mnt/01D98767132C6C80/Download/JobFinder-Job-Portal-Laravel-Vue-Script-main/vendor/laravel/framework/src/Illuminate/Routing/Router.php(730): Illuminate\\Routing\\Router->dispatchToRoute()
#45 /mnt/01D98767132C6C80/Download/JobFinder-Job-Portal-Laravel-Vue-Script-main/vendor/laravel/framework/src/Illuminate/Foundation/Http/Kernel.php(200): Illuminate\\Routing\\Router->dispatch()
#46 /mnt/01D98767132C6C80/Download/JobFinder-Job-Portal-Laravel-Vue-Script-main/vendor/laravel/framework/src/Illuminate/Pipeline/Pipeline.php(141): Illuminate\\Foundation\\Http\\Kernel->Illuminate\\Foundation\\Http\\{closure}()
#47 /mnt/01D98767132C6C80/Download/JobFinder-Job-Portal-Laravel-Vue-Script-main/vendor/laravel/framework/src/Illuminate/Foundation/Http/Middleware/TransformsRequest.php(21): Illuminate\\Pipeline\\Pipeline->Illuminate\\Pipeline\\{closure}()
#48 /mnt/01D98767132C6C80/Download/JobFinder-Job-Portal-Laravel-Vue-Script-main/vendor/laravel/framework/src/Illuminate/Foundation/Http/Middleware/ConvertEmptyStringsToNull.php(31): Illuminate\\Foundation\\Http\\Middleware\\TransformsRequest->handle()
#49 /mnt/01D98767132C6C80/Download/JobFinder-Job-Portal-Laravel-Vue-Script-main/vendor/laravel/framework/src/Illuminate/Pipeline/Pipeline.php(180): Illuminate\\Foundation\\Http\\Middleware\\ConvertEmptyStringsToNull->handle()
#50 /mnt/01D98767132C6C80/Download/JobFinder-Job-Portal-Laravel-Vue-Script-main/vendor/laravel/framework/src/Illuminate/Foundation/Http/Middleware/TransformsRequest.php(21): Illuminate\\Pipeline\\Pipeline->Illuminate\\Pipeline\\{closure}()
#51 /mnt/01D98767132C6C80/Download/JobFinder-Job-Portal-Laravel-Vue-Script-main/vendor/laravel/framework/src/Illuminate/Foundation/Http/Middleware/TrimStrings.php(40): Illuminate\\Foundation\\Http\\Middleware\\TransformsRequest->handle()
#52 /mnt/01D98767132C6C80/Download/JobFinder-Job-Portal-Laravel-Vue-Script-main/vendor/laravel/framework/src/Illuminate/Pipeline/Pipeline.php(180): Illuminate\\Foundation\\Http\\Middleware\\TrimStrings->handle()
#53 /mnt/01D98767132C6C80/Download/JobFinder-Job-Portal-Laravel-Vue-Script-main/vendor/laravel/framework/src/Illuminate/Foundation/Http/Middleware/ValidatePostSize.php(27): Illuminate\\Pipeline\\Pipeline->Illuminate\\Pipeline\\{closure}()
#54 /mnt/01D98767132C6C80/Download/JobFinder-Job-Portal-Laravel-Vue-Script-main/vendor/laravel/framework/src/Illuminate/Pipeline/Pipeline.php(180): Illuminate\\Foundation\\Http\\Middleware\\ValidatePostSize->handle()
#55 /mnt/01D98767132C6C80/Download/JobFinder-Job-Portal-Laravel-Vue-Script-main/vendor/laravel/framework/src/Illuminate/Foundation/Http/Middleware/PreventRequestsDuringMaintenance.php(99): Illuminate\\Pipeline\\Pipeline->Illuminate\\Pipeline\\{closure}()
#56 /mnt/01D98767132C6C80/Download/JobFinder-Job-Portal-Laravel-Vue-Script-main/vendor/laravel/framework/src/Illuminate/Pipeline/Pipeline.php(180): Illuminate\\Foundation\\Http\\Middleware\\PreventRequestsDuringMaintenance->handle()
#57 /mnt/01D98767132C6C80/Download/JobFinder-Job-Portal-Laravel-Vue-Script-main/vendor/laravel/framework/src/Illuminate/Http/Middleware/HandleCors.php(49): Illuminate\\Pipeline\\Pipeline->Illuminate\\Pipeline\\{closure}()
#58 /mnt/01D98767132C6C80/Download/JobFinder-Job-Portal-Laravel-Vue-Script-main/vendor/laravel/framework/src/Illuminate/Pipeline/Pipeline.php(180): Illuminate\\Http\\Middleware\\HandleCors->handle()
#59 /mnt/01D98767132C6C80/Download/JobFinder-Job-Portal-Laravel-Vue-Script-main/vendor/laravel/framework/src/Illuminate/Http/Middleware/TrustProxies.php(39): Illuminate\\Pipeline\\Pipeline->Illuminate\\Pipeline\\{closure}()
#60 /mnt/01D98767132C6C80/Download/JobFinder-Job-Portal-Laravel-Vue-Script-main/vendor/laravel/framework/src/Illuminate/Pipeline/Pipeline.php(180): Illuminate\\Http\\Middleware\\TrustProxies->handle()
#61 /mnt/01D98767132C6C80/Download/JobFinder-Job-Portal-Laravel-Vue-Script-main/vendor/laravel/framework/src/Illuminate/Pipeline/Pipeline.php(116): Illuminate\\Pipeline\\Pipeline->Illuminate\\Pipeline\\{closure}()
#62 /mnt/01D98767132C6C80/Download/JobFinder-Job-Portal-Laravel-Vue-Script-main/vendor/laravel/framework/src/Illuminate/Foundation/Http/Kernel.php(175): Illuminate\\Pipeline\\Pipeline->then()
#63 /mnt/01D98767132C6C80/Download/JobFinder-Job-Portal-Laravel-Vue-Script-main/vendor/laravel/framework/src/Illuminate/Foundation/Http/Kernel.php(144): Illuminate\\Foundation\\Http\\Kernel->sendRequestThroughRouter()
#64 /mnt/01D98767132C6C80/Download/JobFinder-Job-Portal-Laravel-Vue-Script-main/public/index.php(51): Illuminate\\Foundation\\Http\\Kernel->handle()
#65 /mnt/01D98767132C6C80/Download/JobFinder-Job-Portal-Laravel-Vue-Script-main/vendor/laravel/framework/src/Illuminate/Foundation/resources/server.php(16): require_once('...')
#66 {main}
"} 
[2023-11-11 13:33:12] local.ERROR: Attempt to read property "content" on null {"view":{"view":"/mnt/01D98767132C6C80/Download/JobFinder-Job-Portal-Laravel-Vue-Script-main/resources/views/frontend/partials/testimonial.blade.php","data":[]},"exception":"[object] (Spatie\\LaravelIgnition\\Exceptions\\ViewException(code: 0): Attempt to read property \"content\" on null at /mnt/01D98767132C6C80/Download/JobFinder-Job-Portal-Laravel-Vue-Script-main/resources/views/frontend/partials/testimonial.blade.php:21)
[stacktrace]
#0 /mnt/01D98767132C6C80/Download/JobFinder-Job-Portal-Laravel-Vue-Script-main/vendor/laravel/framework/src/Illuminate/Foundation/Bootstrap/HandleExceptions.php(254): Illuminate\\Foundation\\Bootstrap\\HandleExceptions->handleError()
#1 /mnt/01D98767132C6C80/Download/JobFinder-Job-Portal-Laravel-Vue-Script-main/resources/views/frontend/partials/testimonial.blade.php(21): Illuminate\\Foundation\\Bootstrap\\HandleExceptions->Illuminate\\Foundation\\Bootstrap\\{closure}()
#2 /mnt/01D98767132C6C80/Download/JobFinder-Job-Portal-Laravel-Vue-Script-main/vendor/laravel/framework/src/Illuminate/Filesystem/Filesystem.php(124): require('...')
#3 /mnt/01D98767132C6C80/Download/JobFinder-Job-Portal-Laravel-Vue-Script-main/vendor/laravel/framework/src/Illuminate/Filesystem/Filesystem.php(125): Illuminate\\Filesystem\\Filesystem::Illuminate\\Filesystem\\{closure}()
#4 /mnt/01D98767132C6C80/Download/JobFinder-Job-Portal-Laravel-Vue-Script-main/vendor/laravel/framework/src/Illuminate/View/Engines/PhpEngine.php(58): Illuminate\\Filesystem\\Filesystem->getRequire()
#5 /mnt/01D98767132C6C80/Download/JobFinder-Job-Portal-Laravel-Vue-Script-main/vendor/laravel/framework/src/Illuminate/View/Engines/CompilerEngine.php(72): Illuminate\\View\\Engines\\PhpEngine->evaluatePath()
#6 /mnt/01D98767132C6C80/Download/JobFinder-Job-Portal-Laravel-Vue-Script-main/vendor/laravel/framework/src/Illuminate/View/View.php(207): Illuminate\\View\\Engines\\CompilerEngine->get()
#7 /mnt/01D98767132C6C80/Download/JobFinder-Job-Portal-Laravel-Vue-Script-main/vendor/laravel/framework/src/Illuminate/View/View.php(190): Illuminate\\View\\View->getContents()
#8 /mnt/01D98767132C6C80/Download/JobFinder-Job-Portal-Laravel-Vue-Script-main/vendor/laravel/framework/src/Illuminate/View/View.php(159): Illuminate\\View\\View->renderContents()
#9 /mnt/01D98767132C6C80/Download/JobFinder-Job-Portal-Laravel-Vue-Script-main/resources/views/welcome.blade.php(88): Illuminate\\View\\View->render()
#10 /mnt/01D98767132C6C80/Download/JobFinder-Job-Portal-Laravel-Vue-Script-main/vendor/laravel/framework/src/Illuminate/Filesystem/Filesystem.php(124): require('...')
#11 /mnt/01D98767132C6C80/Download/JobFinder-Job-Portal-Laravel-Vue-Script-main/vendor/laravel/framework/src/Illuminate/Filesystem/Filesystem.php(125): Illuminate\\Filesystem\\Filesystem::Illuminate\\Filesystem\\{closure}()
#12 /mnt/01D98767132C6C80/Download/JobFinder-Job-Portal-Laravel-Vue-Script-main/vendor/laravel/framework/src/Illuminate/View/Engines/PhpEngine.php(58): Illuminate\\Filesystem\\Filesystem->getRequire()
#13 /mnt/01D98767132C6C80/Download/JobFinder-Job-Portal-Laravel-Vue-Script-main/vendor/laravel/framework/src/Illuminate/View/Engines/CompilerEngine.php(72): Illuminate\\View\\Engines\\PhpEngine->evaluatePath()
#14 /mnt/01D98767132C6C80/Download/JobFinder-Job-Portal-Laravel-Vue-Script-main/vendor/laravel/framework/src/Illuminate/View/View.php(207): Illuminate\\View\\Engines\\CompilerEngine->get()
#15 /mnt/01D98767132C6C80/Download/JobFinder-Job-Portal-Laravel-Vue-Script-main/vendor/laravel/framework/src/Illuminate/View/View.php(190): Illuminate\\View\\View->getContents()
#16 /mnt/01D98767132C6C80/Download/JobFinder-Job-Portal-Laravel-Vue-Script-main/vendor/laravel/framework/src/Illuminate/View/View.php(159): Illuminate\\View\\View->renderContents()
#17 /mnt/01D98767132C6C80/Download/JobFinder-Job-Portal-Laravel-Vue-Script-main/vendor/laravel/framework/src/Illuminate/Http/Response.php(69): Illuminate\\View\\View->render()
#18 /mnt/01D98767132C6C80/Download/JobFinder-Job-Portal-Laravel-Vue-Script-main/vendor/laravel/framework/src/Illuminate/Http/Response.php(35): Illuminate\\Http\\Response->setContent()
#19 /mnt/01D98767132C6C80/Download/JobFinder-Job-Portal-Laravel-Vue-Script-main/vendor/laravel/framework/src/Illuminate/Routing/Router.php(911): Illuminate\\Http\\Response->__construct()
#20 /mnt/01D98767132C6C80/Download/JobFinder-Job-Portal-Laravel-Vue-Script-main/vendor/laravel/framework/src/Illuminate/Routing/Router.php(878): Illuminate\\Routing\\Router::toResponse()
#21 /mnt/01D98767132C6C80/Download/JobFinder-Job-Portal-Laravel-Vue-Script-main/vendor/laravel/framework/src/Illuminate/Routing/Router.php(798): Illuminate\\Routing\\Router->prepareResponse()
#22 /mnt/01D98767132C6C80/Download/JobFinder-Job-Portal-Laravel-Vue-Script-main/vendor/laravel/framework/src/Illuminate/Pipeline/Pipeline.php(141): Illuminate\\Routing\\Router->Illuminate\\Routing\\{closure}()
#23 /mnt/01D98767132C6C80/Download/JobFinder-Job-Portal-Laravel-Vue-Script-main/vendor/php-flasher/flasher-laravel/Middleware/FlasherMiddleware.php(34): Illuminate\\Pipeline\\Pipeline->Illuminate\\Pipeline\\{closure}()
#24 /mnt/01D98767132C6C80/Download/JobFinder-Job-Portal-Laravel-Vue-Script-main/vendor/laravel/framework/src/Illuminate/Pipeline/Pipeline.php(180): Flasher\\Laravel\\Middleware\\FlasherMiddleware->handle()
#25 /mnt/01D98767132C6C80/Download/JobFinder-Job-Portal-Laravel-Vue-Script-main/vendor/php-flasher/flasher-laravel/Middleware/SessionMiddleware.php(34): Illuminate\\Pipeline\\Pipeline->Illuminate\\Pipeline\\{closure}()
#26 /mnt/01D98767132C6C80/Download/JobFinder-Job-Portal-Laravel-Vue-Script-main/vendor/laravel/framework/src/Illuminate/Pipeline/Pipeline.php(180): Flasher\\Laravel\\Middleware\\SessionMiddleware->handle()
#27 /mnt/01D98767132C6C80/Download/JobFinder-Job-Portal-Laravel-Vue-Script-main/vendor/laravel/framework/src/Illuminate/Routing/Middleware/SubstituteBindings.php(50): Illuminate\\Pipeline\\Pipeline->Illuminate\\Pipeline\\{closure}()
#28 /mnt/01D98767132C6C80/Download/JobFinder-Job-Portal-Laravel-Vue-Script-main/vendor/laravel/framework/src/Illuminate/Pipeline/Pipeline.php(180): Illuminate\\Routing\\Middleware\\SubstituteBindings->handle()
#29 /mnt/01D98767132C6C80/Download/JobFinder-Job-Portal-Laravel-Vue-Script-main/vendor/laravel/framework/src/Illuminate/Foundation/Http/Middleware/VerifyCsrfToken.php(78): Illuminate\\Pipeline\\Pipeline->Illuminate\\Pipeline\\{closure}()
#30 /mnt/01D98767132C6C80/Download/JobFinder-Job-Portal-Laravel-Vue-Script-main/vendor/laravel/framework/src/Illuminate/Pipeline/Pipeline.php(180): Illuminate\\Foundation\\Http\\Middleware\\VerifyCsrfToken->handle()
#31 /mnt/01D98767132C6C80/Download/JobFinder-Job-Portal-Laravel-Vue-Script-main/vendor/laravel/framework/src/Illuminate/View/Middleware/ShareErrorsFromSession.php(49): Illuminate\\Pipeline\\Pipeline->Illuminate\\Pipeline\\{closure}()
#32 /mnt/01D98767132C6C80/Download/JobFinder-Job-Portal-Laravel-Vue-Script-main/vendor/laravel/framework/src/Illuminate/Pipeline/Pipeline.php(180): Illuminate\\View\\Middleware\\ShareErrorsFromSession->handle()
#33 /mnt/01D98767132C6C80/Download/JobFinder-Job-Portal-Laravel-Vue-Script-main/vendor/laravel/framework/src/Illuminate/Session/Middleware/StartSession.php(121): Illuminate\\Pipeline\\Pipeline->Illuminate\\Pipeline\\{closure}()
#34 /mnt/01D98767132C6C80/Download/JobFinder-Job-Portal-Laravel-Vue-Script-main/vendor/laravel/framework/src/Illuminate/Session/Middleware/StartSession.php(64): Illuminate\\Session\\Middleware\\StartSession->handleStatefulRequest()
#35 /mnt/01D98767132C6C80/Download/JobFinder-Job-Portal-Laravel-Vue-Script-main/vendor/laravel/framework/src/Illuminate/Pipeline/Pipeline.php(180): Illuminate\\Session\\Middleware\\StartSession->handle()
#36 /mnt/01D98767132C6C80/Download/JobFinder-Job-Portal-Laravel-Vue-Script-main/vendor/laravel/framework/src/Illuminate/Cookie/Middleware/AddQueuedCookiesToResponse.php(37): Illuminate\\Pipeline\\Pipeline->Illuminate\\Pipeline\\{closure}()
#37 /mnt/01D98767132C6C80/Download/JobFinder-Job-Portal-Laravel-Vue-Script-main/vendor/laravel/framework/src/Illuminate/Pipeline/Pipeline.php(180): Illuminate\\Cookie\\Middleware\\AddQueuedCookiesToResponse->handle()
#38 /mnt/01D98767132C6C80/Download/JobFinder-Job-Portal-Laravel-Vue-Script-main/vendor/laravel/framework/src/Illuminate/Cookie/Middleware/EncryptCookies.php(67): Illuminate\\Pipeline\\Pipeline->Illuminate\\Pipeline\\{closure}()
#39 /mnt/01D98767132C6C80/Download/JobFinder-Job-Portal-Laravel-Vue-Script-main/vendor/laravel/framework/src/Illuminate/Pipeline/Pipeline.php(180): Illuminate\\Cookie\\Middleware\\EncryptCookies->handle()
#40 /mnt/01D98767132C6C80/Download/JobFinder-Job-Portal-Laravel-Vue-Script-main/vendor/laravel/framework/src/Illuminate/Pipeline/Pipeline.php(116): Illuminate\\Pipeline\\Pipeline->Illuminate\\Pipeline\\{closure}()
#41 /mnt/01D98767132C6C80/Download/JobFinder-Job-Portal-Laravel-Vue-Script-main/vendor/laravel/framework/src/Illuminate/Routing/Router.php(798): Illuminate\\Pipeline\\Pipeline->then()
#42 /mnt/01D98767132C6C80/Download/JobFinder-Job-Portal-Laravel-Vue-Script-main/vendor/laravel/framework/src/Illuminate/Routing/Router.php(777): Illuminate\\Routing\\Router->runRouteWithinStack()
#43 /mnt/01D98767132C6C80/Download/JobFinder-Job-Portal-Laravel-Vue-Script-main/vendor/laravel/framework/src/Illuminate/Routing/Router.php(741): Illuminate\\Routing\\Router->runRoute()
#44 /mnt/01D98767132C6C80/Download/JobFinder-Job-Portal-Laravel-Vue-Script-main/vendor/laravel/framework/src/Illuminate/Routing/Router.php(730): Illuminate\\Routing\\Router->dispatchToRoute()
#45 /mnt/01D98767132C6C80/Download/JobFinder-Job-Portal-Laravel-Vue-Script-main/vendor/laravel/framework/src/Illuminate/Foundation/Http/Kernel.php(200): Illuminate\\Routing\\Router->dispatch()
#46 /mnt/01D98767132C6C80/Download/JobFinder-Job-Portal-Laravel-Vue-Script-main/vendor/laravel/framework/src/Illuminate/Pipeline/Pipeline.php(141): Illuminate\\Foundation\\Http\\Kernel->Illuminate\\Foundation\\Http\\{closure}()
#47 /mnt/01D98767132C6C80/Download/JobFinder-Job-Portal-Laravel-Vue-Script-main/vendor/laravel/framework/src/Illuminate/Foundation/Http/Middleware/TransformsRequest.php(21): Illuminate\\Pipeline\\Pipeline->Illuminate\\Pipeline\\{closure}()
#48 /mnt/01D98767132C6C80/Download/JobFinder-Job-Portal-Laravel-Vue-Script-main/vendor/laravel/framework/src/Illuminate/Foundation/Http/Middleware/ConvertEmptyStringsToNull.php(31): Illuminate\\Foundation\\Http\\Middleware\\TransformsRequest->handle()
#49 /mnt/01D98767132C6C80/Download/JobFinder-Job-Portal-Laravel-Vue-Script-main/vendor/laravel/framework/src/Illuminate/Pipeline/Pipeline.php(180): Illuminate\\Foundation\\Http\\Middleware\\ConvertEmptyStringsToNull->handle()
#50 /mnt/01D98767132C6C80/Download/JobFinder-Job-Portal-Laravel-Vue-Script-main/vendor/laravel/framework/src/Illuminate/Foundation/Http/Middleware/TransformsRequest.php(21): Illuminate\\Pipeline\\Pipeline->Illuminate\\Pipeline\\{closure}()
#51 /mnt/01D98767132C6C80/Download/JobFinder-Job-Portal-Laravel-Vue-Script-main/vendor/laravel/framework/src/Illuminate/Foundation/Http/Middleware/TrimStrings.php(40): Illuminate\\Foundation\\Http\\Middleware\\TransformsRequest->handle()
#52 /mnt/01D98767132C6C80/Download/JobFinder-Job-Portal-Laravel-Vue-Script-main/vendor/laravel/framework/src/Illuminate/Pipeline/Pipeline.php(180): Illuminate\\Foundation\\Http\\Middleware\\TrimStrings->handle()
#53 /mnt/01D98767132C6C80/Download/JobFinder-Job-Portal-Laravel-Vue-Script-main/vendor/laravel/framework/src/Illuminate/Foundation/Http/Middleware/ValidatePostSize.php(27): Illuminate\\Pipeline\\Pipeline->Illuminate\\Pipeline\\{closure}()
#54 /mnt/01D98767132C6C80/Download/JobFinder-Job-Portal-Laravel-Vue-Script-main/vendor/laravel/framework/src/Illuminate/Pipeline/Pipeline.php(180): Illuminate\\Foundation\\Http\\Middleware\\ValidatePostSize->handle()
#55 /mnt/01D98767132C6C80/Download/JobFinder-Job-Portal-Laravel-Vue-Script-main/vendor/laravel/framework/src/Illuminate/Foundation/Http/Middleware/PreventRequestsDuringMaintenance.php(99): Illuminate\\Pipeline\\Pipeline->Illuminate\\Pipeline\\{closure}()
#56 /mnt/01D98767132C6C80/Download/JobFinder-Job-Portal-Laravel-Vue-Script-main/vendor/laravel/framework/src/Illuminate/Pipeline/Pipeline.php(180): Illuminate\\Foundation\\Http\\Middleware\\PreventRequestsDuringMaintenance->handle()
#57 /mnt/01D98767132C6C80/Download/JobFinder-Job-Portal-Laravel-Vue-Script-main/vendor/laravel/framework/src/Illuminate/Http/Middleware/HandleCors.php(49): Illuminate\\Pipeline\\Pipeline->Illuminate\\Pipeline\\{closure}()
#58 /mnt/01D98767132C6C80/Download/JobFinder-Job-Portal-Laravel-Vue-Script-main/vendor/laravel/framework/src/Illuminate/Pipeline/Pipeline.php(180): Illuminate\\Http\\Middleware\\HandleCors->handle()
#59 /mnt/01D98767132C6C80/Download/JobFinder-Job-Portal-Laravel-Vue-Script-main/vendor/laravel/framework/src/Illuminate/Http/Middleware/TrustProxies.php(39): Illuminate\\Pipeline\\Pipeline->Illuminate\\Pipeline\\{closure}()
#60 /mnt/01D98767132C6C80/Download/JobFinder-Job-Portal-Laravel-Vue-Script-main/vendor/laravel/framework/src/Illuminate/Pipeline/Pipeline.php(180): Illuminate\\Http\\Middleware\\TrustProxies->handle()
#61 /mnt/01D98767132C6C80/Download/JobFinder-Job-Portal-Laravel-Vue-Script-main/vendor/laravel/framework/src/Illuminate/Pipeline/Pipeline.php(116): Illuminate\\Pipeline\\Pipeline->Illuminate\\Pipeline\\{closure}()
#62 /mnt/01D98767132C6C80/Download/JobFinder-Job-Portal-Laravel-Vue-Script-main/vendor/laravel/framework/src/Illuminate/Foundation/Http/Kernel.php(175): Illuminate\\Pipeline\\Pipeline->then()
#63 /mnt/01D98767132C6C80/Download/JobFinder-Job-Portal-Laravel-Vue-Script-main/vendor/laravel/framework/src/Illuminate/Foundation/Http/Kernel.php(144): Illuminate\\Foundation\\Http\\Kernel->sendRequestThroughRouter()
#64 /mnt/01D98767132C6C80/Download/JobFinder-Job-Portal-Laravel-Vue-Script-main/public/index.php(51): Illuminate\\Foundation\\Http\\Kernel->handle()
#65 /mnt/01D98767132C6C80/Download/JobFinder-Job-Portal-Laravel-Vue-Script-main/vendor/laravel/framework/src/Illuminate/Foundation/resources/server.php(16): require_once('...')
#66 {main}

[previous exception] [object] (ErrorException(code: 0): Attempt to read property \"content\" on null at /mnt/01D98767132C6C80/Download/JobFinder-Job-Portal-Laravel-Vue-Script-main/storage/framework/views/7b187cc116b56aa697c43c8453d058d3.php:21)
[stacktrace]
#0 /mnt/01D98767132C6C80/Download/JobFinder-Job-Portal-Laravel-Vue-Script-main/vendor/laravel/framework/src/Illuminate/Foundation/Bootstrap/HandleExceptions.php(254): Illuminate\\Foundation\\Bootstrap\\HandleExceptions->handleError()
#1 /mnt/01D98767132C6C80/Download/JobFinder-Job-Portal-Laravel-Vue-Script-main/storage/framework/views/7b187cc116b56aa697c43c8453d058d3.php(21): Illuminate\\Foundation\\Bootstrap\\HandleExceptions->Illuminate\\Foundation\\Bootstrap\\{closure}()
#2 /mnt/01D98767132C6C80/Download/JobFinder-Job-Portal-Laravel-Vue-Script-main/vendor/laravel/framework/src/Illuminate/Filesystem/Filesystem.php(124): require('...')
#3 /mnt/01D98767132C6C80/Download/JobFinder-Job-Portal-Laravel-Vue-Script-main/vendor/laravel/framework/src/Illuminate/Filesystem/Filesystem.php(125): Illuminate\\Filesystem\\Filesystem::Illuminate\\Filesystem\\{closure}()
#4 /mnt/01D98767132C6C80/Download/JobFinder-Job-Portal-Laravel-Vue-Script-main/vendor/laravel/framework/src/Illuminate/View/Engines/PhpEngine.php(58): Illuminate\\Filesystem\\Filesystem->getRequire()
#5 /mnt/01D98767132C6C80/Download/JobFinder-Job-Portal-Laravel-Vue-Script-main/vendor/laravel/framework/src/Illuminate/View/Engines/CompilerEngine.php(72): Illuminate\\View\\Engines\\PhpEngine->evaluatePath()
#6 /mnt/01D98767132C6C80/Download/JobFinder-Job-Portal-Laravel-Vue-Script-main/vendor/laravel/framework/src/Illuminate/View/View.php(207): Illuminate\\View\\Engines\\CompilerEngine->get()
#7 /mnt/01D98767132C6C80/Download/JobFinder-Job-Portal-Laravel-Vue-Script-main/vendor/laravel/framework/src/Illuminate/View/View.php(190): Illuminate\\View\\View->getContents()
#8 /mnt/01D98767132C6C80/Download/JobFinder-Job-Portal-Laravel-Vue-Script-main/vendor/laravel/framework/src/Illuminate/View/View.php(159): Illuminate\\View\\View->renderContents()
#9 /mnt/01D98767132C6C80/Download/JobFinder-Job-Portal-Laravel-Vue-Script-main/storage/framework/views/87dbdbc4f7e3d326174d67c6de61c0de.php(88): Illuminate\\View\\View->render()
#10 /mnt/01D98767132C6C80/Download/JobFinder-Job-Portal-Laravel-Vue-Script-main/vendor/laravel/framework/src/Illuminate/Filesystem/Filesystem.php(124): require('...')
#11 /mnt/01D98767132C6C80/Download/JobFinder-Job-Portal-Laravel-Vue-Script-main/vendor/laravel/framework/src/Illuminate/Filesystem/Filesystem.php(125): Illuminate\\Filesystem\\Filesystem::Illuminate\\Filesystem\\{closure}()
#12 /mnt/01D98767132C6C80/Download/JobFinder-Job-Portal-Laravel-Vue-Script-main/vendor/laravel/framework/src/Illuminate/View/Engines/PhpEngine.php(58): Illuminate\\Filesystem\\Filesystem->getRequire()
#13 /mnt/01D98767132C6C80/Download/JobFinder-Job-Portal-Laravel-Vue-Script-main/vendor/laravel/framework/src/Illuminate/View/Engines/CompilerEngine.php(72): Illuminate\\View\\Engines\\PhpEngine->evaluatePath()
#14 /mnt/01D98767132C6C80/Download/JobFinder-Job-Portal-Laravel-Vue-Script-main/vendor/laravel/framework/src/Illuminate/View/View.php(207): Illuminate\\View\\Engines\\CompilerEngine->get()
#15 /mnt/01D98767132C6C80/Download/JobFinder-Job-Portal-Laravel-Vue-Script-main/vendor/laravel/framework/src/Illuminate/View/View.php(190): Illuminate\\View\\View->getContents()
#16 /mnt/01D98767132C6C80/Download/JobFinder-Job-Portal-Laravel-Vue-Script-main/vendor/laravel/framework/src/Illuminate/View/View.php(159): Illuminate\\View\\View->renderContents()
#17 /mnt/01D98767132C6C80/Download/JobFinder-Job-Portal-Laravel-Vue-Script-main/vendor/laravel/framework/src/Illuminate/Http/Response.php(69): Illuminate\\View\\View->render()
#18 /mnt/01D98767132C6C80/Download/JobFinder-Job-Portal-Laravel-Vue-Script-main/vendor/laravel/framework/src/Illuminate/Http/Response.php(35): Illuminate\\Http\\Response->setContent()
#19 /mnt/01D98767132C6C80/Download/JobFinder-Job-Portal-Laravel-Vue-Script-main/vendor/laravel/framework/src/Illuminate/Routing/Router.php(911): Illuminate\\Http\\Response->__construct()
#20 /mnt/01D98767132C6C80/Download/JobFinder-Job-Portal-Laravel-Vue-Script-main/vendor/laravel/framework/src/Illuminate/Routing/Router.php(878): Illuminate\\Routing\\Router::toResponse()
#21 /mnt/01D98767132C6C80/Download/JobFinder-Job-Portal-Laravel-Vue-Script-main/vendor/laravel/framework/src/Illuminate/Routing/Router.php(798): Illuminate\\Routing\\Router->prepareResponse()
#22 /mnt/01D98767132C6C80/Download/JobFinder-Job-Portal-Laravel-Vue-Script-main/vendor/laravel/framework/src/Illuminate/Pipeline/Pipeline.php(141): Illuminate\\Routing\\Router->Illuminate\\Routing\\{closure}()
#23 /mnt/01D98767132C6C80/Download/JobFinder-Job-Portal-Laravel-Vue-Script-main/vendor/php-flasher/flasher-laravel/Middleware/FlasherMiddleware.php(34): Illuminate\\Pipeline\\Pipeline->Illuminate\\Pipeline\\{closure}()
#24 /mnt/01D98767132C6C80/Download/JobFinder-Job-Portal-Laravel-Vue-Script-main/vendor/laravel/framework/src/Illuminate/Pipeline/Pipeline.php(180): Flasher\\Laravel\\Middleware\\FlasherMiddleware->handle()
#25 /mnt/01D98767132C6C80/Download/JobFinder-Job-Portal-Laravel-Vue-Script-main/vendor/php-flasher/flasher-laravel/Middleware/SessionMiddleware.php(34): Illuminate\\Pipeline\\Pipeline->Illuminate\\Pipeline\\{closure}()
#26 /mnt/01D98767132C6C80/Download/JobFinder-Job-Portal-Laravel-Vue-Script-main/vendor/laravel/framework/src/Illuminate/Pipeline/Pipeline.php(180): Flasher\\Laravel\\Middleware\\SessionMiddleware->handle()
#27 /mnt/01D98767132C6C80/Download/JobFinder-Job-Portal-Laravel-Vue-Script-main/vendor/laravel/framework/src/Illuminate/Routing/Middleware/SubstituteBindings.php(50): Illuminate\\Pipeline\\Pipeline->Illuminate\\Pipeline\\{closure}()
#28 /mnt/01D98767132C6C80/Download/JobFinder-Job-Portal-Laravel-Vue-Script-main/vendor/laravel/framework/src/Illuminate/Pipeline/Pipeline.php(180): Illuminate\\Routing\\Middleware\\SubstituteBindings->handle()
#29 /mnt/01D98767132C6C80/Download/JobFinder-Job-Portal-Laravel-Vue-Script-main/vendor/laravel/framework/src/Illuminate/Foundation/Http/Middleware/VerifyCsrfToken.php(78): Illuminate\\Pipeline\\Pipeline->Illuminate\\Pipeline\\{closure}()
#30 /mnt/01D98767132C6C80/Download/JobFinder-Job-Portal-Laravel-Vue-Script-main/vendor/laravel/framework/src/Illuminate/Pipeline/Pipeline.php(180): Illuminate\\Foundation\\Http\\Middleware\\VerifyCsrfToken->handle()
#31 /mnt/01D98767132C6C80/Download/JobFinder-Job-Portal-Laravel-Vue-Script-main/vendor/laravel/framework/src/Illuminate/View/Middleware/ShareErrorsFromSession.php(49): Illuminate\\Pipeline\\Pipeline->Illuminate\\Pipeline\\{closure}()
#32 /mnt/01D98767132C6C80/Download/JobFinder-Job-Portal-Laravel-Vue-Script-main/vendor/laravel/framework/src/Illuminate/Pipeline/Pipeline.php(180): Illuminate\\View\\Middleware\\ShareErrorsFromSession->handle()
#33 /mnt/01D98767132C6C80/Download/JobFinder-Job-Portal-Laravel-Vue-Script-main/vendor/laravel/framework/src/Illuminate/Session/Middleware/StartSession.php(121): Illuminate\\Pipeline\\Pipeline->Illuminate\\Pipeline\\{closure}()
#34 /mnt/01D98767132C6C80/Download/JobFinder-Job-Portal-Laravel-Vue-Script-main/vendor/laravel/framework/src/Illuminate/Session/Middleware/StartSession.php(64): Illuminate\\Session\\Middleware\\StartSession->handleStatefulRequest()
#35 /mnt/01D98767132C6C80/Download/JobFinder-Job-Portal-Laravel-Vue-Script-main/vendor/laravel/framework/src/Illuminate/Pipeline/Pipeline.php(180): Illuminate\\Session\\Middleware\\StartSession->handle()
#36 /mnt/01D98767132C6C80/Download/JobFinder-Job-Portal-Laravel-Vue-Script-main/vendor/laravel/framework/src/Illuminate/Cookie/Middleware/AddQueuedCookiesToResponse.php(37): Illuminate\\Pipeline\\Pipeline->Illuminate\\Pipeline\\{closure}()
#37 /mnt/01D98767132C6C80/Download/JobFinder-Job-Portal-Laravel-Vue-Script-main/vendor/laravel/framework/src/Illuminate/Pipeline/Pipeline.php(180): Illuminate\\Cookie\\Middleware\\AddQueuedCookiesToResponse->handle()
#38 /mnt/01D98767132C6C80/Download/JobFinder-Job-Portal-Laravel-Vue-Script-main/vendor/laravel/framework/src/Illuminate/Cookie/Middleware/EncryptCookies.php(67): Illuminate\\Pipeline\\Pipeline->Illuminate\\Pipeline\\{closure}()
#39 /mnt/01D98767132C6C80/Download/JobFinder-Job-Portal-Laravel-Vue-Script-main/vendor/laravel/framework/src/Illuminate/Pipeline/Pipeline.php(180): Illuminate\\Cookie\\Middleware\\EncryptCookies->handle()
#40 /mnt/01D98767132C6C80/Download/JobFinder-Job-Portal-Laravel-Vue-Script-main/vendor/laravel/framework/src/Illuminate/Pipeline/Pipeline.php(116): Illuminate\\Pipeline\\Pipeline->Illuminate\\Pipeline\\{closure}()
#41 /mnt/01D98767132C6C80/Download/JobFinder-Job-Portal-Laravel-Vue-Script-main/vendor/laravel/framework/src/Illuminate/Routing/Router.php(798): Illuminate\\Pipeline\\Pipeline->then()
#42 /mnt/01D98767132C6C80/Download/JobFinder-Job-Portal-Laravel-Vue-Script-main/vendor/laravel/framework/src/Illuminate/Routing/Router.php(777): Illuminate\\Routing\\Router->runRouteWithinStack()
#43 /mnt/01D98767132C6C80/Download/JobFinder-Job-Portal-Laravel-Vue-Script-main/vendor/laravel/framework/src/Illuminate/Routing/Router.php(741): Illuminate\\Routing\\Router->runRoute()
#44 /mnt/01D98767132C6C80/Download/JobFinder-Job-Portal-Laravel-Vue-Script-main/vendor/laravel/framework/src/Illuminate/Routing/Router.php(730): Illuminate\\Routing\\Router->dispatchToRoute()
#45 /mnt/01D98767132C6C80/Download/JobFinder-Job-Portal-Laravel-Vue-Script-main/vendor/laravel/framework/src/Illuminate/Foundation/Http/Kernel.php(200): Illuminate\\Routing\\Router->dispatch()
#46 /mnt/01D98767132C6C80/Download/JobFinder-Job-Portal-Laravel-Vue-Script-main/vendor/laravel/framework/src/Illuminate/Pipeline/Pipeline.php(141): Illuminate\\Foundation\\Http\\Kernel->Illuminate\\Foundation\\Http\\{closure}()
#47 /mnt/01D98767132C6C80/Download/JobFinder-Job-Portal-Laravel-Vue-Script-main/vendor/laravel/framework/src/Illuminate/Foundation/Http/Middleware/TransformsRequest.php(21): Illuminate\\Pipeline\\Pipeline->Illuminate\\Pipeline\\{closure}()
#48 /mnt/01D98767132C6C80/Download/JobFinder-Job-Portal-Laravel-Vue-Script-main/vendor/laravel/framework/src/Illuminate/Foundation/Http/Middleware/ConvertEmptyStringsToNull.php(31): Illuminate\\Foundation\\Http\\Middleware\\TransformsRequest->handle()
#49 /mnt/01D98767132C6C80/Download/JobFinder-Job-Portal-Laravel-Vue-Script-main/vendor/laravel/framework/src/Illuminate/Pipeline/Pipeline.php(180): Illuminate\\Foundation\\Http\\Middleware\\ConvertEmptyStringsToNull->handle()
#50 /mnt/01D98767132C6C80/Download/JobFinder-Job-Portal-Laravel-Vue-Script-main/vendor/laravel/framework/src/Illuminate/Foundation/Http/Middleware/TransformsRequest.php(21): Illuminate\\Pipeline\\Pipeline->Illuminate\\Pipeline\\{closure}()
#51 /mnt/01D98767132C6C80/Download/JobFinder-Job-Portal-Laravel-Vue-Script-main/vendor/laravel/framework/src/Illuminate/Foundation/Http/Middleware/TrimStrings.php(40): Illuminate\\Foundation\\Http\\Middleware\\TransformsRequest->handle()
#52 /mnt/01D98767132C6C80/Download/JobFinder-Job-Portal-Laravel-Vue-Script-main/vendor/laravel/framework/src/Illuminate/Pipeline/Pipeline.php(180): Illuminate\\Foundation\\Http\\Middleware\\TrimStrings->handle()
#53 /mnt/01D98767132C6C80/Download/JobFinder-Job-Portal-Laravel-Vue-Script-main/vendor/laravel/framework/src/Illuminate/Foundation/Http/Middleware/ValidatePostSize.php(27): Illuminate\\Pipeline\\Pipeline->Illuminate\\Pipeline\\{closure}()
#54 /mnt/01D98767132C6C80/Download/JobFinder-Job-Portal-Laravel-Vue-Script-main/vendor/laravel/framework/src/Illuminate/Pipeline/Pipeline.php(180): Illuminate\\Foundation\\Http\\Middleware\\ValidatePostSize->handle()
#55 /mnt/01D98767132C6C80/Download/JobFinder-Job-Portal-Laravel-Vue-Script-main/vendor/laravel/framework/src/Illuminate/Foundation/Http/Middleware/PreventRequestsDuringMaintenance.php(99): Illuminate\\Pipeline\\Pipeline->Illuminate\\Pipeline\\{closure}()
#56 /mnt/01D98767132C6C80/Download/JobFinder-Job-Portal-Laravel-Vue-Script-main/vendor/laravel/framework/src/Illuminate/Pipeline/Pipeline.php(180): Illuminate\\Foundation\\Http\\Middleware\\PreventRequestsDuringMaintenance->handle()
#57 /mnt/01D98767132C6C80/Download/JobFinder-Job-Portal-Laravel-Vue-Script-main/vendor/laravel/framework/src/Illuminate/Http/Middleware/HandleCors.php(49): Illuminate\\Pipeline\\Pipeline->Illuminate\\Pipeline\\{closure}()
#58 /mnt/01D98767132C6C80/Download/JobFinder-Job-Portal-Laravel-Vue-Script-main/vendor/laravel/framework/src/Illuminate/Pipeline/Pipeline.php(180): Illuminate\\Http\\Middleware\\HandleCors->handle()
#59 /mnt/01D98767132C6C80/Download/JobFinder-Job-Portal-Laravel-Vue-Script-main/vendor/laravel/framework/src/Illuminate/Http/Middleware/TrustProxies.php(39): Illuminate\\Pipeline\\Pipeline->Illuminate\\Pipeline\\{closure}()
#60 /mnt/01D98767132C6C80/Download/JobFinder-Job-Portal-Laravel-Vue-Script-main/vendor/laravel/framework/src/Illuminate/Pipeline/Pipeline.php(180): Illuminate\\Http\\Middleware\\TrustProxies->handle()
#61 /mnt/01D98767132C6C80/Download/JobFinder-Job-Portal-Laravel-Vue-Script-main/vendor/laravel/framework/src/Illuminate/Pipeline/Pipeline.php(116): Illuminate\\Pipeline\\Pipeline->Illuminate\\Pipeline\\{closure}()
#62 /mnt/01D98767132C6C80/Download/JobFinder-Job-Portal-Laravel-Vue-Script-main/vendor/laravel/framework/src/Illuminate/Foundation/Http/Kernel.php(175): Illuminate\\Pipeline\\Pipeline->then()
#63 /mnt/01D98767132C6C80/Download/JobFinder-Job-Portal-Laravel-Vue-Script-main/vendor/laravel/framework/src/Illuminate/Foundation/Http/Kernel.php(144): Illuminate\\Foundation\\Http\\Kernel->sendRequestThroughRouter()
#64 /mnt/01D98767132C6C80/Download/JobFinder-Job-Portal-Laravel-Vue-Script-main/public/index.php(51): Illuminate\\Foundation\\Http\\Kernel->handle()
#65 /mnt/01D98767132C6C80/Download/JobFinder-Job-Portal-Laravel-Vue-Script-main/vendor/laravel/framework/src/Illuminate/Foundation/resources/server.php(16): require_once('...')
#66 {main}
"} 
